2024/12/17 15:23:51 [Error] unprocessable entity
 at C:/Users/xinchuan99/Documents/Xinchuan/hokishop-tabloid-backend/internal/modules/logger/logger.go:86 

[StackTrace]:
github.com/xinchuantw/hoki-tabloid-backend/internal/modules/logger.Logger.Error({0xc000066f90?}, {0xc00040a018, 0x14}, {0x0?, 0x10?, 0x18c87c0?})
	C:/Users/xinchuan99/Documents/Xinchuan/hokishop-tabloid-backend/internal/modules/logger/logger.go:86 +0x5e
github.com/xinchuantw/hoki-tabloid-backend/internal/server.NewWithConfig.Recover.func3.1.1()
	C:/Users/xinchuan99/Documents/Xinchuan/hokishop-tabloid-backend/internal/middlewares/recover.go:81 +0x3ad
panic({0x1920240?, 0x2cf3cc0?})
	C:/Program Files/Go/src/runtime/panic.go:785 +0x132
github.com/xinchuantw/hoki-tabloid-backend/internal/controllers/auth.(*AuthAdminController).LoginByXinchuanAuth(0xc000344d90, {0x1e9d040, 0xc0011288e8}, 0xc0000b6640)
	C:/Users/xinchuan99/Documents/Xinchuan/hokishop-tabloid-backend/internal/controllers/auth/admin.go:39 +0x7f4
net/http.HandlerFunc.ServeHTTP(0xc0001640f0?, {0x1e9d040?, 0xc0011288e8?}, 0x1e72048?)
	C:/Program Files/Go/src/net/http/server.go:2220 +0x29
github.com/go-chi/chi/v5.(*Mux).routeHTTP(0xc000125920, {0x1e9d040, 0xc0011288e8}, 0xc0000b6640)
	C:/Users/xinchuan99/go/pkg/mod/github.com/go-chi/chi/v5@v5.2.0/mux.go:480 +0x2e2
net/http.HandlerFunc.ServeHTTP(0xc000024300?, {0x1e9d040?, 0xc0011288e8?}, 0x2?)
	C:/Program Files/Go/src/net/http/server.go:2220 +0x29
github.com/go-chi/chi/v5.(*Mux).ServeHTTP(0xc000125920, {0x1e9d040, 0xc0011288e8}, 0xc0000b6640)
	C:/Users/xinchuan99/go/pkg/mod/github.com/go-chi/chi/v5@v5.2.0/mux.go:73 +0x32f
github.com/go-chi/chi/v5.(*Mux).Mount.func1({0x1e9d040, 0xc0011288e8}, 0xc0000b6640)
	C:/Users/xinchuan99/go/pkg/mod/github.com/go-chi/chi/v5@v5.2.0/mux.go:327 +0x1bb
net/http.HandlerFunc.ServeHTTP(0xc0001640f0?, {0x1e9d040?, 0xc0011288e8?}, 0xc001632090?)
	C:/Program Files/Go/src/net/http/server.go:2220 +0x29
github.com/go-chi/chi/v5.(*Mux).routeHTTP(0xc0001258c0, {0x1e9d040, 0xc0011288e8}, 0xc0000b6640)
	C:/Users/xinchuan99/go/pkg/mod/github.com/go-chi/chi/v5@v5.2.0/mux.go:480 +0x2e2
net/http.HandlerFunc.ServeHTTP(0xc000024300?, {0x1e9d040?, 0xc0011288e8?}, 0xc000067660?)
	C:/Program Files/Go/src/net/http/server.go:2220 +0x29
github.com/go-chi/chi/v5.(*Mux).ServeHTTP(0xc0001258c0, {0x1e9d040, 0xc0011288e8}, 0xc0000b6640)
	C:/Users/xinchuan99/go/pkg/mod/github.com/go-chi/chi/v5@v5.2.0/mux.go:73 +0x32f
github.com/go-chi/chi/v5.(*Mux).Mount.func1({0x1e9d040, 0xc0011288e8}, 0xc0000b6640)
	C:/Users/xinchuan99/go/pkg/mod/github.com/go-chi/chi/v5@v5.2.0/mux.go:327 +0x1bb
net/http.HandlerFunc.ServeHTTP(0xc0001640f0?, {0x1e9d040?, 0xc0011288e8?}, 0xc00033e2a5?)
	C:/Program Files/Go/src/net/http/server.go:2220 +0x29
github.com/go-chi/chi/v5.(*Mux).routeHTTP(0xc0001254a0, {0x1e9d040, 0xc0011288e8}, 0xc0000b6640)
	C:/Users/xinchuan99/go/pkg/mod/github.com/go-chi/chi/v5@v5.2.0/mux.go:480 +0x2e2
net/http.HandlerFunc.ServeHTTP(0x10?, {0x1e9d040?, 0xc0011288e8?}, 0x2f6e00c000500008?)
	C:/Program Files/Go/src/net/http/server.go:2220 +0x29
github.com/xinchuantw/hoki-tabloid-backend/internal/server.NewWithConfig.Recover.func3.1({0x1e9d040?, 0xc0011288e8?}, 0xb?)
	C:/Users/xinchuan99/Documents/Xinchuan/hokishop-tabloid-backend/internal/middlewares/recover.go:92 +0x70
net/http.HandlerFunc.ServeHTTP(0xc00033e2a5?, {0x1e9d040?, 0xc0011288e8?}, 0x1c63613?)
	C:/Program Files/Go/src/net/http/server.go:2220 +0x29
github.com/go-chi/chi/v5/middleware.CleanPath.func1({0x1e9d040, 0xc0011288e8}, 0xc0000b6640)
	C:/Users/xinchuan99/go/pkg/mod/github.com/go-chi/chi/v5@v5.2.0/middleware/clean_path.go:26 +0xf7
net/http.HandlerFunc.ServeHTTP(0xc000024300?, {0x1e9d040?, 0xc0011288e8?}, 0x73035d?)
	C:/Program Files/Go/src/net/http/server.go:2220 +0x29
github.com/go-chi/chi/v5/middleware.StripSlashes.func1({0x1e9d040, 0xc0011288e8}, 0xc0000b6640)
	C:/Users/xinchuan99/go/pkg/mod/github.com/go-chi/chi/v5@v5.2.0/middleware/strip.go:30 +0x127
net/http.HandlerFunc.ServeHTTP(0xc00014e8c0?, {0x1e9d040?, 0xc0011288e8?}, 0xc0000b6640?)
	C:/Program Files/Go/src/net/http/server.go:2220 +0x29
github.com/go-chi/cors.(*Cors).Handler-fm.(*Cors).Handler.func1({0x1e9d040, 0xc0011288e8}, 0xc0000b6640)
	C:/Users/xinchuan99/go/pkg/mod/github.com/go-chi/cors@v1.2.1/cors.go:228 +0x17e
net/http.HandlerFunc.ServeHTTP(0x6d5833?, {0x1e9d040?, 0xc0011288e8?}, 0x1a2cec0?)
	C:/Program Files/Go/src/net/http/server.go:2220 +0x29
github.com/xinchuantw/hoki-tabloid-backend/internal/server.NewWithConfig.MetricsMiddleware.func1.1({0x1e9d820, 0xc0007de1c0}, 0xc0000b6640)
	C:/Users/xinchuan99/Documents/Xinchuan/hokishop-tabloid-backend/internal/middlewares/metrics.go:56 +0xd7
net/http.HandlerFunc.ServeHTTP(0x1e9fbf0?, {0x1e9d820?, 0xc0007de1c0?}, 0x2cf3080?)
	C:/Program Files/Go/src/net/http/server.go:2220 +0x29
github.com/go-chi/chi/v5.(*Mux).ServeHTTP(0xc0001254a0, {0x1e9d820, 0xc0007de1c0}, 0xc000154b40)
	C:/Users/xinchuan99/go/pkg/mod/github.com/go-chi/chi/v5@v5.2.0/mux.go:90 +0x2ee
net/http.serverHandler.ServeHTTP({0x1e98818?}, {0x1e9d820?, 0xc0007de1c0?}, 0x6?)
	C:/Program Files/Go/src/net/http/server.go:3210 +0x8e
net/http.(*conn).serve(0xc000126360, {0x1e9fbb8, 0xc000178840})
	C:/Program Files/Go/src/net/http/server.go:2092 +0x5d0
created by net/http.(*Server).Serve in goroutine 83
	C:/Program Files/Go/src/net/http/server.go:3360 +0x485

2024/12/17 15:26:06 [Error] unprocessable entity
 at C:/Users/xinchuan99/Documents/Xinchuan/hokishop-tabloid-backend/internal/modules/logger/logger.go:86 

[StackTrace]:
github.com/xinchuantw/hoki-tabloid-backend/internal/modules/logger.Logger.Error({0xc000fc6f90?}, {0xc000408000, 0x14}, {0x0?, 0x10?, 0x13287c0?})
	C:/Users/xinchuan99/Documents/Xinchuan/hokishop-tabloid-backend/internal/modules/logger/logger.go:86 +0x5e
github.com/xinchuantw/hoki-tabloid-backend/internal/server.NewWithConfig.Recover.func3.1.1()
	C:/Users/xinchuan99/Documents/Xinchuan/hokishop-tabloid-backend/internal/middlewares/recover.go:81 +0x3ad
panic({0x1380240?, 0x2753cc0?})
	C:/Program Files/Go/src/runtime/panic.go:785 +0x132
github.com/xinchuantw/hoki-tabloid-backend/internal/controllers/auth.(*AuthAdminController).LoginByXinchuanAuth(0xc000250028, {0x18fd040, 0xc000939860}, 0xc00015e8c0)
	C:/Users/xinchuan99/Documents/Xinchuan/hokishop-tabloid-backend/internal/controllers/auth/admin.go:39 +0x7f4
net/http.HandlerFunc.ServeHTTP(0xc0003221e0?, {0x18fd040?, 0xc000939860?}, 0x18d2048?)
	C:/Program Files/Go/src/net/http/server.go:2220 +0x29
github.com/go-chi/chi/v5.(*Mux).routeHTTP(0xc000300480, {0x18fd040, 0xc000939860}, 0xc00015e8c0)
	C:/Users/xinchuan99/go/pkg/mod/github.com/go-chi/chi/v5@v5.2.0/mux.go:480 +0x2e2
net/http.HandlerFunc.ServeHTTP(0xc0004a1710?, {0x18fd040?, 0xc000939860?}, 0x2?)
	C:/Program Files/Go/src/net/http/server.go:2220 +0x29
github.com/go-chi/chi/v5.(*Mux).ServeHTTP(0xc000300480, {0x18fd040, 0xc000939860}, 0xc00015e8c0)
	C:/Users/xinchuan99/go/pkg/mod/github.com/go-chi/chi/v5@v5.2.0/mux.go:73 +0x32f
github.com/go-chi/chi/v5.(*Mux).Mount.func1({0x18fd040, 0xc000939860}, 0xc00015e8c0)
	C:/Users/xinchuan99/go/pkg/mod/github.com/go-chi/chi/v5@v5.2.0/mux.go:327 +0x1bb
net/http.HandlerFunc.ServeHTTP(0xc0003221e0?, {0x18fd040?, 0xc000939860?}, 0xc000034140?)
	C:/Program Files/Go/src/net/http/server.go:2220 +0x29
github.com/go-chi/chi/v5.(*Mux).routeHTTP(0xc000300420, {0x18fd040, 0xc000939860}, 0xc00015e8c0)
	C:/Users/xinchuan99/go/pkg/mod/github.com/go-chi/chi/v5@v5.2.0/mux.go:480 +0x2e2
net/http.HandlerFunc.ServeHTTP(0xc0004a1710?, {0x18fd040?, 0xc000939860?}, 0xc000fc7660?)
	C:/Program Files/Go/src/net/http/server.go:2220 +0x29
github.com/go-chi/chi/v5.(*Mux).ServeHTTP(0xc000300420, {0x18fd040, 0xc000939860}, 0xc00015e8c0)
	C:/Users/xinchuan99/go/pkg/mod/github.com/go-chi/chi/v5@v5.2.0/mux.go:73 +0x32f
github.com/go-chi/chi/v5.(*Mux).Mount.func1({0x18fd040, 0xc000939860}, 0xc00015e8c0)
	C:/Users/xinchuan99/go/pkg/mod/github.com/go-chi/chi/v5@v5.2.0/mux.go:327 +0x1bb
net/http.HandlerFunc.ServeHTTP(0xc0003221e0?, {0x18fd040?, 0xc000939860?}, 0xc0001426e5?)
	C:/Program Files/Go/src/net/http/server.go:2220 +0x29
github.com/go-chi/chi/v5.(*Mux).routeHTTP(0xc0004e8ae0, {0x18fd040, 0xc000939860}, 0xc00015e8c0)
	C:/Users/xinchuan99/go/pkg/mod/github.com/go-chi/chi/v5@v5.2.0/mux.go:480 +0x2e2
net/http.HandlerFunc.ServeHTTP(0x10?, {0x18fd040?, 0xc000939860?}, 0x2f6e00c000508008?)
	C:/Program Files/Go/src/net/http/server.go:2220 +0x29
github.com/xinchuantw/hoki-tabloid-backend/internal/server.NewWithConfig.Recover.func3.1({0x18fd040?, 0xc000939860?}, 0xb?)
	C:/Users/xinchuan99/Documents/Xinchuan/hokishop-tabloid-backend/internal/middlewares/recover.go:92 +0x70
net/http.HandlerFunc.ServeHTTP(0xc0001426e5?, {0x18fd040?, 0xc000939860?}, 0x16c3613?)
	C:/Program Files/Go/src/net/http/server.go:2220 +0x29
github.com/go-chi/chi/v5/middleware.CleanPath.func1({0x18fd040, 0xc000939860}, 0xc00015e8c0)
	C:/Users/xinchuan99/go/pkg/mod/github.com/go-chi/chi/v5@v5.2.0/middleware/clean_path.go:26 +0xf7
net/http.HandlerFunc.ServeHTTP(0xc0004a1710?, {0x18fd040?, 0xc000939860?}, 0x19035d?)
	C:/Program Files/Go/src/net/http/server.go:2220 +0x29
github.com/go-chi/chi/v5/middleware.StripSlashes.func1({0x18fd040, 0xc000939860}, 0xc00015e8c0)
	C:/Users/xinchuan99/go/pkg/mod/github.com/go-chi/chi/v5@v5.2.0/middleware/strip.go:30 +0x127
net/http.HandlerFunc.ServeHTTP(0xc0002440a0?, {0x18fd040?, 0xc000939860?}, 0xc00015e8c0?)
	C:/Program Files/Go/src/net/http/server.go:2220 +0x29
github.com/go-chi/cors.(*Cors).Handler-fm.(*Cors).Handler.func1({0x18fd040, 0xc000939860}, 0xc00015e8c0)
	C:/Users/xinchuan99/go/pkg/mod/github.com/go-chi/cors@v1.2.1/cors.go:228 +0x17e
net/http.HandlerFunc.ServeHTTP(0x135833?, {0x18fd040?, 0xc000939860?}, 0x148cec0?)
	C:/Program Files/Go/src/net/http/server.go:2220 +0x29
github.com/xinchuantw/hoki-tabloid-backend/internal/server.NewWithConfig.MetricsMiddleware.func1.1({0x18fd820, 0xc000486380}, 0xc00015e8c0)
	C:/Users/xinchuan99/Documents/Xinchuan/hokishop-tabloid-backend/internal/middlewares/metrics.go:56 +0xd7
net/http.HandlerFunc.ServeHTTP(0x18ffbf0?, {0x18fd820?, 0xc000486380?}, 0x2753080?)
	C:/Program Files/Go/src/net/http/server.go:2220 +0x29
github.com/go-chi/chi/v5.(*Mux).ServeHTTP(0xc0004e8ae0, {0x18fd820, 0xc000486380}, 0xc00015e780)
	C:/Users/xinchuan99/go/pkg/mod/github.com/go-chi/chi/v5@v5.2.0/mux.go:90 +0x2ee
net/http.serverHandler.ServeHTTP({0x18f8818?}, {0x18fd820?, 0xc000486380?}, 0x6?)
	C:/Program Files/Go/src/net/http/server.go:3210 +0x8e
net/http.(*conn).serve(0xc0003c8240, {0x18ffbb8, 0xc000242870})
	C:/Program Files/Go/src/net/http/server.go:2092 +0x5d0
created by net/http.(*Server).Serve in goroutine 52
	C:/Program Files/Go/src/net/http/server.go:3360 +0x485

2024/12/17 15:27:42 [Error] unprocessable entity
 at C:/Users/xinchuan99/Documents/Xinchuan/hokishop-tabloid-backend/internal/modules/logger/logger.go:86 

[StackTrace]:
github.com/xinchuantw/hoki-tabloid-backend/internal/modules/logger.Logger.Error({0xc000b70f90?}, {0xc000408048, 0x14}, {0x0?, 0x10?, 0x13287c0?})
	C:/Users/xinchuan99/Documents/Xinchuan/hokishop-tabloid-backend/internal/modules/logger/logger.go:86 +0x5e
github.com/xinchuantw/hoki-tabloid-backend/internal/server.NewWithConfig.Recover.func3.1.1()
	C:/Users/xinchuan99/Documents/Xinchuan/hokishop-tabloid-backend/internal/middlewares/recover.go:81 +0x3ad
panic({0x1380240?, 0x2753cc0?})
	C:/Program Files/Go/src/runtime/panic.go:785 +0x132
github.com/xinchuantw/hoki-tabloid-backend/internal/controllers/auth.(*AuthAdminController).LoginByXinchuanAuth(0xc000250028, {0x18fd040, 0xc000a5be60}, 0xc00015e8c0)
	C:/Users/xinchuan99/Documents/Xinchuan/hokishop-tabloid-backend/internal/controllers/auth/admin.go:39 +0x7f4
net/http.HandlerFunc.ServeHTTP(0xc0003222d0?, {0x18fd040?, 0xc000a5be60?}, 0x18d2048?)
	C:/Program Files/Go/src/net/http/server.go:2220 +0x29
github.com/go-chi/chi/v5.(*Mux).routeHTTP(0xc000300480, {0x18fd040, 0xc000a5be60}, 0xc00015e8c0)
	C:/Users/xinchuan99/go/pkg/mod/github.com/go-chi/chi/v5@v5.2.0/mux.go:480 +0x2e2
net/http.HandlerFunc.ServeHTTP(0xc000032540?, {0x18fd040?, 0xc000a5be60?}, 0x2?)
	C:/Program Files/Go/src/net/http/server.go:2220 +0x29
github.com/go-chi/chi/v5.(*Mux).ServeHTTP(0xc000300480, {0x18fd040, 0xc000a5be60}, 0xc00015e8c0)
	C:/Users/xinchuan99/go/pkg/mod/github.com/go-chi/chi/v5@v5.2.0/mux.go:73 +0x32f
github.com/go-chi/chi/v5.(*Mux).Mount.func1({0x18fd040, 0xc000a5be60}, 0xc00015e8c0)
	C:/Users/xinchuan99/go/pkg/mod/github.com/go-chi/chi/v5@v5.2.0/mux.go:327 +0x1bb
net/http.HandlerFunc.ServeHTTP(0xc0003222d0?, {0x18fd040?, 0xc000a5be60?}, 0xc000034080?)
	C:/Program Files/Go/src/net/http/server.go:2220 +0x29
github.com/go-chi/chi/v5.(*Mux).routeHTTP(0xc000300420, {0x18fd040, 0xc000a5be60}, 0xc00015e8c0)
	C:/Users/xinchuan99/go/pkg/mod/github.com/go-chi/chi/v5@v5.2.0/mux.go:480 +0x2e2
net/http.HandlerFunc.ServeHTTP(0xc000032540?, {0x18fd040?, 0xc000a5be60?}, 0xc000b71660?)
	C:/Program Files/Go/src/net/http/server.go:2220 +0x29
github.com/go-chi/chi/v5.(*Mux).ServeHTTP(0xc000300420, {0x18fd040, 0xc000a5be60}, 0xc00015e8c0)
	C:/Users/xinchuan99/go/pkg/mod/github.com/go-chi/chi/v5@v5.2.0/mux.go:73 +0x32f
github.com/go-chi/chi/v5.(*Mux).Mount.func1({0x18fd040, 0xc000a5be60}, 0xc00015e8c0)
	C:/Users/xinchuan99/go/pkg/mod/github.com/go-chi/chi/v5@v5.2.0/mux.go:327 +0x1bb
net/http.HandlerFunc.ServeHTTP(0xc0003222d0?, {0x18fd040?, 0xc000a5be60?}, 0xc000142325?)
	C:/Program Files/Go/src/net/http/server.go:2220 +0x29
github.com/go-chi/chi/v5.(*Mux).routeHTTP(0xc0004e8ae0, {0x18fd040, 0xc000a5be60}, 0xc00015e8c0)
	C:/Users/xinchuan99/go/pkg/mod/github.com/go-chi/chi/v5@v5.2.0/mux.go:480 +0x2e2
net/http.HandlerFunc.ServeHTTP(0x10?, {0x18fd040?, 0xc000a5be60?}, 0x2f6e00c000099808?)
	C:/Program Files/Go/src/net/http/server.go:2220 +0x29
github.com/xinchuantw/hoki-tabloid-backend/internal/server.NewWithConfig.Recover.func3.1({0x18fd040?, 0xc000a5be60?}, 0xb?)
	C:/Users/xinchuan99/Documents/Xinchuan/hokishop-tabloid-backend/internal/middlewares/recover.go:92 +0x70
net/http.HandlerFunc.ServeHTTP(0xc000142325?, {0x18fd040?, 0xc000a5be60?}, 0x16c3613?)
	C:/Program Files/Go/src/net/http/server.go:2220 +0x29
github.com/go-chi/chi/v5/middleware.CleanPath.func1({0x18fd040, 0xc000a5be60}, 0xc00015e8c0)
	C:/Users/xinchuan99/go/pkg/mod/github.com/go-chi/chi/v5@v5.2.0/middleware/clean_path.go:26 +0xf7
net/http.HandlerFunc.ServeHTTP(0xc000032540?, {0x18fd040?, 0xc000a5be60?}, 0x19035d?)
	C:/Program Files/Go/src/net/http/server.go:2220 +0x29
github.com/go-chi/chi/v5/middleware.StripSlashes.func1({0x18fd040, 0xc000a5be60}, 0xc00015e8c0)
	C:/Users/xinchuan99/go/pkg/mod/github.com/go-chi/chi/v5@v5.2.0/middleware/strip.go:30 +0x127
net/http.HandlerFunc.ServeHTTP(0xc0002440a0?, {0x18fd040?, 0xc000a5be60?}, 0xc00015e8c0?)
	C:/Program Files/Go/src/net/http/server.go:2220 +0x29
github.com/go-chi/cors.(*Cors).Handler-fm.(*Cors).Handler.func1({0x18fd040, 0xc000a5be60}, 0xc00015e8c0)
	C:/Users/xinchuan99/go/pkg/mod/github.com/go-chi/cors@v1.2.1/cors.go:228 +0x17e
net/http.HandlerFunc.ServeHTTP(0x135833?, {0x18fd040?, 0xc000a5be60?}, 0x148cec0?)
	C:/Program Files/Go/src/net/http/server.go:2220 +0x29
github.com/xinchuantw/hoki-tabloid-backend/internal/server.NewWithConfig.MetricsMiddleware.func1.1({0x18fd820, 0xc000486380}, 0xc00015e8c0)
	C:/Users/xinchuan99/Documents/Xinchuan/hokishop-tabloid-backend/internal/middlewares/metrics.go:56 +0xd7
net/http.HandlerFunc.ServeHTTP(0x18ffbf0?, {0x18fd820?, 0xc000486380?}, 0x2753080?)
	C:/Program Files/Go/src/net/http/server.go:2220 +0x29
github.com/go-chi/chi/v5.(*Mux).ServeHTTP(0xc0004e8ae0, {0x18fd820, 0xc000486380}, 0xc0003603c0)
	C:/Users/xinchuan99/go/pkg/mod/github.com/go-chi/chi/v5@v5.2.0/mux.go:90 +0x2ee
net/http.serverHandler.ServeHTTP({0x18f8818?}, {0x18fd820?, 0xc000486380?}, 0x6?)
	C:/Program Files/Go/src/net/http/server.go:3210 +0x8e
net/http.(*conn).serve(0xc0000d81b0, {0x18ffbb8, 0xc000242870})
	C:/Program Files/Go/src/net/http/server.go:2092 +0x5d0
created by net/http.(*Server).Serve in goroutine 52
	C:/Program Files/Go/src/net/http/server.go:3360 +0x485

2024/12/17 17:02:40 [Error] unprocessable entity
 at C:/Users/xinchuan99/Documents/Xinchuan/hokishop-tabloid-backend/internal/modules/logger/logger.go:86 

[StackTrace]:
github.com/xinchuantw/hoki-tabloid-backend/internal/modules/logger.Logger.Error({0xc001452f90?}, {0xc00013c588, 0x14}, {0x0?, 0x10?, 0x13287c0?})
	C:/Users/xinchuan99/Documents/Xinchuan/hokishop-tabloid-backend/internal/modules/logger/logger.go:86 +0x5e
github.com/xinchuantw/hoki-tabloid-backend/internal/server.NewWithConfig.Recover.func3.1.1()
	C:/Users/xinchuan99/Documents/Xinchuan/hokishop-tabloid-backend/internal/middlewares/recover.go:81 +0x3ad
panic({0x1380240?, 0x2753cc0?})
	C:/Program Files/Go/src/runtime/panic.go:785 +0x132
github.com/xinchuantw/hoki-tabloid-backend/internal/controllers/auth.(*AuthAdminController).LoginByXinchuanAuth(0xc000250028, {0x18fd040, 0xc00136f4a0}, 0xc000360780)
	C:/Users/xinchuan99/Documents/Xinchuan/hokishop-tabloid-backend/internal/controllers/auth/admin.go:39 +0x7f4
net/http.HandlerFunc.ServeHTTP(0xc0003222d0?, {0x18fd040?, 0xc00136f4a0?}, 0x18d2048?)
	C:/Program Files/Go/src/net/http/server.go:2220 +0x29
github.com/go-chi/chi/v5.(*Mux).routeHTTP(0xc000300480, {0x18fd040, 0xc00136f4a0}, 0xc000360780)
	C:/Users/xinchuan99/go/pkg/mod/github.com/go-chi/chi/v5@v5.2.0/mux.go:480 +0x2e2
net/http.HandlerFunc.ServeHTTP(0xc000032690?, {0x18fd040?, 0xc00136f4a0?}, 0x0?)
	C:/Program Files/Go/src/net/http/server.go:2220 +0x29
github.com/go-chi/chi/v5.(*Mux).ServeHTTP(0xc000300480, {0x18fd040, 0xc00136f4a0}, 0xc000360780)
	C:/Users/xinchuan99/go/pkg/mod/github.com/go-chi/chi/v5@v5.2.0/mux.go:73 +0x32f
github.com/go-chi/chi/v5.(*Mux).Mount.func1({0x18fd040, 0xc00136f4a0}, 0xc000360780)
	C:/Users/xinchuan99/go/pkg/mod/github.com/go-chi/chi/v5@v5.2.0/mux.go:327 +0x1bb
net/http.HandlerFunc.ServeHTTP(0xc0003222d0?, {0x18fd040?, 0xc00136f4a0?}, 0xc00003452a?)
	C:/Program Files/Go/src/net/http/server.go:2220 +0x29
github.com/go-chi/chi/v5.(*Mux).routeHTTP(0xc000300420, {0x18fd040, 0xc00136f4a0}, 0xc000360780)
	C:/Users/xinchuan99/go/pkg/mod/github.com/go-chi/chi/v5@v5.2.0/mux.go:480 +0x2e2
net/http.HandlerFunc.ServeHTTP(0xc000032690?, {0x18fd040?, 0xc00136f4a0?}, 0xc001453660?)
	C:/Program Files/Go/src/net/http/server.go:2220 +0x29
github.com/go-chi/chi/v5.(*Mux).ServeHTTP(0xc000300420, {0x18fd040, 0xc00136f4a0}, 0xc000360780)
	C:/Users/xinchuan99/go/pkg/mod/github.com/go-chi/chi/v5@v5.2.0/mux.go:73 +0x32f
github.com/go-chi/chi/v5.(*Mux).Mount.func1({0x18fd040, 0xc00136f4a0}, 0xc000360780)
	C:/Users/xinchuan99/go/pkg/mod/github.com/go-chi/chi/v5@v5.2.0/mux.go:327 +0x1bb
net/http.HandlerFunc.ServeHTTP(0xc0003222d0?, {0x18fd040?, 0xc00136f4a0?}, 0xc000142345?)
	C:/Program Files/Go/src/net/http/server.go:2220 +0x29
github.com/go-chi/chi/v5.(*Mux).routeHTTP(0xc0004e8ae0, {0x18fd040, 0xc00136f4a0}, 0xc000360780)
	C:/Users/xinchuan99/go/pkg/mod/github.com/go-chi/chi/v5@v5.2.0/mux.go:480 +0x2e2
net/http.HandlerFunc.ServeHTTP(0x10?, {0x18fd040?, 0xc00136f4a0?}, 0x2f6e00c000335008?)
	C:/Program Files/Go/src/net/http/server.go:2220 +0x29
github.com/xinchuantw/hoki-tabloid-backend/internal/server.NewWithConfig.Recover.func3.1({0x18fd040?, 0xc00136f4a0?}, 0xb?)
	C:/Users/xinchuan99/Documents/Xinchuan/hokishop-tabloid-backend/internal/middlewares/recover.go:92 +0x70
net/http.HandlerFunc.ServeHTTP(0xc000142345?, {0x18fd040?, 0xc00136f4a0?}, 0x16c3613?)
	C:/Program Files/Go/src/net/http/server.go:2220 +0x29
github.com/go-chi/chi/v5/middleware.CleanPath.func1({0x18fd040, 0xc00136f4a0}, 0xc000360780)
	C:/Users/xinchuan99/go/pkg/mod/github.com/go-chi/chi/v5@v5.2.0/middleware/clean_path.go:26 +0xf7
net/http.HandlerFunc.ServeHTTP(0xc000032690?, {0x18fd040?, 0xc00136f4a0?}, 0x19035d?)
	C:/Program Files/Go/src/net/http/server.go:2220 +0x29
github.com/go-chi/chi/v5/middleware.StripSlashes.func1({0x18fd040, 0xc00136f4a0}, 0xc000360780)
	C:/Users/xinchuan99/go/pkg/mod/github.com/go-chi/chi/v5@v5.2.0/middleware/strip.go:30 +0x127
net/http.HandlerFunc.ServeHTTP(0xc0002440a0?, {0x18fd040?, 0xc00136f4a0?}, 0xc000360780?)
	C:/Program Files/Go/src/net/http/server.go:2220 +0x29
github.com/go-chi/cors.(*Cors).Handler-fm.(*Cors).Handler.func1({0x18fd040, 0xc00136f4a0}, 0xc000360780)
	C:/Users/xinchuan99/go/pkg/mod/github.com/go-chi/cors@v1.2.1/cors.go:228 +0x17e
net/http.HandlerFunc.ServeHTTP(0x135833?, {0x18fd040?, 0xc00136f4a0?}, 0xc0018ada20?)
	C:/Program Files/Go/src/net/http/server.go:2220 +0x29
github.com/xinchuantw/hoki-tabloid-backend/internal/server.NewWithConfig.MetricsMiddleware.func1.1({0x18fd820, 0xc000486540}, 0xc000360780)
	C:/Users/xinchuan99/Documents/Xinchuan/hokishop-tabloid-backend/internal/middlewares/metrics.go:56 +0xd7
net/http.HandlerFunc.ServeHTTP(0x18ffbf0?, {0x18fd820?, 0xc000486540?}, 0x2753080?)
	C:/Program Files/Go/src/net/http/server.go:2220 +0x29
github.com/go-chi/chi/v5.(*Mux).ServeHTTP(0xc0004e8ae0, {0x18fd820, 0xc000486540}, 0xc00015e780)
	C:/Users/xinchuan99/go/pkg/mod/github.com/go-chi/chi/v5@v5.2.0/mux.go:90 +0x2ee
net/http.serverHandler.ServeHTTP({0x18f8818?}, {0x18fd820?, 0xc000486540?}, 0x6?)
	C:/Program Files/Go/src/net/http/server.go:3210 +0x8e
net/http.(*conn).serve(0xc0000d9c20, {0x18ffbb8, 0xc000242870})
	C:/Program Files/Go/src/net/http/server.go:2092 +0x5d0
created by net/http.(*Server).Serve in goroutine 52
	C:/Program Files/Go/src/net/http/server.go:3360 +0x485

2024/12/18 09:26:21 [Error] unprocessable entity
 at C:/Users/xinchuan99/Documents/Xinchuan/hokishop-tabloid-backend/internal/modules/logger/logger.go:86 

[StackTrace]:
github.com/xinchuantw/hoki-tabloid-backend/internal/modules/logger.Logger.Error({0xc000066eb0?}, {0xc0003386f0, 0x14}, {0x0?, 0x10?, 0x1b597c0?})
	C:/Users/xinchuan99/Documents/Xinchuan/hokishop-tabloid-backend/internal/modules/logger/logger.go:86 +0x5e
github.com/xinchuantw/hoki-tabloid-backend/internal/server.NewWithConfig.Recover.func3.1.1()
	C:/Users/xinchuan99/Documents/Xinchuan/hokishop-tabloid-backend/internal/middlewares/recover.go:81 +0x3ad
panic({0x1bb1240?, 0x2f84cc0?})
	C:/Program Files/Go/src/runtime/panic.go:785 +0x132
github.com/xinchuantw/hoki-tabloid-backend/internal/controllers/auth.(*AuthAdminController).LoginByXinchuanAuth(0xc000096470, {0x1d2cf8bfea0, 0xc00032a780}, 0xc0000b6640)
	C:/Users/xinchuan99/Documents/Xinchuan/hokishop-tabloid-backend/internal/controllers/auth/admin.go:39 +0x7f4
net/http.HandlerFunc.ServeHTTP(0xc0000dc3c0?, {0x1d2cf8bfea0?, 0xc00032a780?}, 0x2103090?)
	C:/Program Files/Go/src/net/http/server.go:2220 +0x29
github.com/go-chi/chi/v5.(*Mux).routeHTTP(0xc000284300, {0x1d2cf8bfea0, 0xc00032a780}, 0xc0000b6640)
	C:/Users/xinchuan99/go/pkg/mod/github.com/go-chi/chi/v5@v5.2.0/mux.go:480 +0x2e2
net/http.HandlerFunc.ServeHTTP(0x7900000000000000?, {0x1d2cf8bfea0?, 0xc00032a780?}, 0x0?)
	C:/Program Files/Go/src/net/http/server.go:2220 +0x29
github.com/go-chi/chi/v5.(*Mux).ServeHTTP(0xc000284300, {0x1d2cf8bfea0, 0xc00032a780}, 0xc0000b6640)
	C:/Users/xinchuan99/go/pkg/mod/github.com/go-chi/chi/v5@v5.2.0/mux.go:73 +0x32f
github.com/go-chi/chi/v5.(*Mux).Mount.func1({0x1d2cf8bfea0, 0xc00032a780}, 0xc0000b6640)
	C:/Users/xinchuan99/go/pkg/mod/github.com/go-chi/chi/v5@v5.2.0/mux.go:327 +0x1bb
net/http.HandlerFunc.ServeHTTP(0xc0000dc3c0?, {0x1d2cf8bfea0?, 0xc00032a780?}, 0xc000234060?)
	C:/Program Files/Go/src/net/http/server.go:2220 +0x29
github.com/go-chi/chi/v5.(*Mux).routeHTTP(0xc0002842a0, {0x1d2cf8bfea0, 0xc00032a780}, 0xc0000b6640)
	C:/Users/xinchuan99/go/pkg/mod/github.com/go-chi/chi/v5@v5.2.0/mux.go:480 +0x2e2
net/http.HandlerFunc.ServeHTTP(0xc0000675a0?, {0x1d2cf8bfea0?, 0xc00032a780?}, 0xc000067580?)
	C:/Program Files/Go/src/net/http/server.go:2220 +0x29
github.com/go-chi/chi/v5.(*Mux).ServeHTTP(0xc0002842a0, {0x1d2cf8bfea0, 0xc00032a780}, 0xc0000b6640)
	C:/Users/xinchuan99/go/pkg/mod/github.com/go-chi/chi/v5@v5.2.0/mux.go:73 +0x32f
github.com/go-chi/chi/v5.(*Mux).Mount.func1({0x1d2cf8bfea0, 0xc00032a780}, 0xc0000b6640)
	C:/Users/xinchuan99/go/pkg/mod/github.com/go-chi/chi/v5@v5.2.0/mux.go:327 +0x1bb
net/http.HandlerFunc.ServeHTTP(0xc0000dc3c0?, {0x1d2cf8bfea0?, 0xc00032a780?}, 0xc00033e2c5?)
	C:/Program Files/Go/src/net/http/server.go:2220 +0x29
github.com/go-chi/chi/v5.(*Mux).routeHTTP(0xc00024d2c0, {0x1d2cf8bfea0, 0xc00032a780}, 0xc0000b6640)
	C:/Users/xinchuan99/go/pkg/mod/github.com/go-chi/chi/v5@v5.2.0/mux.go:480 +0x2e2
net/http.HandlerFunc.ServeHTTP(0xc000503768?, {0x1d2cf8bfea0?, 0xc00032a780?}, 0x2f6e000001f8f938?)
	C:/Program Files/Go/src/net/http/server.go:2220 +0x29
github.com/xinchuantw/hoki-tabloid-backend/internal/server.NewWithConfig.Recover.func3.1({0x1d2cf8bfea0?, 0xc00032a780?}, 0xb?)
	C:/Users/xinchuan99/Documents/Xinchuan/hokishop-tabloid-backend/internal/middlewares/recover.go:92 +0x70
net/http.HandlerFunc.ServeHTTP(0xc00033e2c5?, {0x1d2cf8bfea0?, 0xc00032a780?}, 0xc0005037e8?)
	C:/Program Files/Go/src/net/http/server.go:2220 +0x29
github.com/go-chi/chi/v5/middleware.CleanPath.func1({0x1d2cf8bfea0, 0xc00032a780}, 0xc0000b6640)
	C:/Users/xinchuan99/go/pkg/mod/github.com/go-chi/chi/v5@v5.2.0/middleware/clean_path.go:26 +0xf7
net/http.HandlerFunc.ServeHTTP(0xc000503870?, {0x1d2cf8bfea0?, 0xc00032a780?}, 0xc000503870?)
	C:/Program Files/Go/src/net/http/server.go:2220 +0x29
github.com/go-chi/chi/v5/middleware.StripSlashes.func1({0x1d2cf8bfea0, 0xc00032a780}, 0xc0000b6640)
	C:/Users/xinchuan99/go/pkg/mod/github.com/go-chi/chi/v5@v5.2.0/middleware/strip.go:30 +0x127
net/http.HandlerFunc.ServeHTTP(0x2f88980?, {0x1d2cf8bfea0?, 0xc00032a780?}, 0x1?)
	C:/Program Files/Go/src/net/http/server.go:2220 +0x29
github.com/go-chi/chi/v5/middleware.init.0.RequestLogger.func1.1({0x212e080, 0xc001438150}, 0xc0000b6000)
	C:/Users/xinchuan99/go/pkg/mod/github.com/go-chi/chi/v5@v5.2.0/middleware/logger.go:55 +0x154
net/http.HandlerFunc.ServeHTTP(0xc0003586e0?, {0x212e080?, 0xc001438150?}, 0xc0000b6000?)
	C:/Program Files/Go/src/net/http/server.go:2220 +0x29
github.com/go-chi/cors.(*Cors).Handler-fm.(*Cors).Handler.func1({0x212e080, 0xc001438150}, 0xc0000b6000)
	C:/Users/xinchuan99/go/pkg/mod/github.com/go-chi/cors@v1.2.1/cors.go:228 +0x17e
net/http.HandlerFunc.ServeHTTP(0x97389c?, {0x212e080?, 0xc001438150?}, 0xc000503a30?)
	C:/Program Files/Go/src/net/http/server.go:2220 +0x29
github.com/xinchuantw/hoki-tabloid-backend/internal/server.NewWithConfig.MetricsMiddleware.func1.1({0x212e860, 0xc000e361c0}, 0xc0000b6000)
	C:/Users/xinchuan99/Documents/Xinchuan/hokishop-tabloid-backend/internal/middlewares/metrics.go:56 +0xd7
net/http.HandlerFunc.ServeHTTP(0x2130c30?, {0x212e860?, 0xc000e361c0?}, 0x2f84080?)
	C:/Program Files/Go/src/net/http/server.go:2220 +0x29
github.com/go-chi/chi/v5.(*Mux).ServeHTTP(0xc00024d2c0, {0x212e860, 0xc000e361c0}, 0xc00040b180)
	C:/Users/xinchuan99/go/pkg/mod/github.com/go-chi/chi/v5@v5.2.0/mux.go:90 +0x2ee
net/http.serverHandler.ServeHTTP({0x2129858?}, {0x212e860?, 0xc000e361c0?}, 0x6?)
	C:/Program Files/Go/src/net/http/server.go:3210 +0x8e
net/http.(*conn).serve(0xc0000d81b0, {0x2130bf8, 0xc0002ba870})
	C:/Program Files/Go/src/net/http/server.go:2092 +0x5d0
created by net/http.(*Server).Serve in goroutine 66
	C:/Program Files/Go/src/net/http/server.go:3360 +0x485

2024/12/18 09:26:22 [Error] unprocessable entity
 at C:/Users/xinchuan99/Documents/Xinchuan/hokishop-tabloid-backend/internal/modules/logger/logger.go:86 

[StackTrace]:
github.com/xinchuantw/hoki-tabloid-backend/internal/modules/logger.Logger.Error({0xc00158ceb0?}, {0xc000280360, 0x14}, {0x0?, 0x10?, 0x1b597c0?})
	C:/Users/xinchuan99/Documents/Xinchuan/hokishop-tabloid-backend/internal/modules/logger/logger.go:86 +0x5e
github.com/xinchuantw/hoki-tabloid-backend/internal/server.NewWithConfig.Recover.func3.1.1()
	C:/Users/xinchuan99/Documents/Xinchuan/hokishop-tabloid-backend/internal/middlewares/recover.go:81 +0x3ad
panic({0x1bb1240?, 0x2f84cc0?})
	C:/Program Files/Go/src/runtime/panic.go:785 +0x132
github.com/xinchuantw/hoki-tabloid-backend/internal/controllers/auth.(*AuthAdminController).LoginByXinchuanAuth(0xc000096470, {0x1d2cf8bfea0, 0xc00025d080}, 0xc00035ef00)
	C:/Users/xinchuan99/Documents/Xinchuan/hokishop-tabloid-backend/internal/controllers/auth/admin.go:39 +0x7f4
net/http.HandlerFunc.ServeHTTP(0xc0000dc3c0?, {0x1d2cf8bfea0?, 0xc00025d080?}, 0x2103090?)
	C:/Program Files/Go/src/net/http/server.go:2220 +0x29
github.com/go-chi/chi/v5.(*Mux).routeHTTP(0xc000284300, {0x1d2cf8bfea0, 0xc00025d080}, 0xc00035ef00)
	C:/Users/xinchuan99/go/pkg/mod/github.com/go-chi/chi/v5@v5.2.0/mux.go:480 +0x2e2
net/http.HandlerFunc.ServeHTTP(0x9700000000000000?, {0x1d2cf8bfea0?, 0xc00025d080?}, 0x0?)
	C:/Program Files/Go/src/net/http/server.go:2220 +0x29
github.com/go-chi/chi/v5.(*Mux).ServeHTTP(0xc000284300, {0x1d2cf8bfea0, 0xc00025d080}, 0xc00035ef00)
	C:/Users/xinchuan99/go/pkg/mod/github.com/go-chi/chi/v5@v5.2.0/mux.go:73 +0x32f
github.com/go-chi/chi/v5.(*Mux).Mount.func1({0x1d2cf8bfea0, 0xc00025d080}, 0xc00035ef00)
	C:/Users/xinchuan99/go/pkg/mod/github.com/go-chi/chi/v5@v5.2.0/mux.go:327 +0x1bb
net/http.HandlerFunc.ServeHTTP(0xc0000dc3c0?, {0x1d2cf8bfea0?, 0xc00025d080?}, 0xc0002875f0?)
	C:/Program Files/Go/src/net/http/server.go:2220 +0x29
github.com/go-chi/chi/v5.(*Mux).routeHTTP(0xc0002842a0, {0x1d2cf8bfea0, 0xc00025d080}, 0xc00035ef00)
	C:/Users/xinchuan99/go/pkg/mod/github.com/go-chi/chi/v5@v5.2.0/mux.go:480 +0x2e2
net/http.HandlerFunc.ServeHTTP(0xc00158d5a0?, {0x1d2cf8bfea0?, 0xc00025d080?}, 0xc00158d580?)
	C:/Program Files/Go/src/net/http/server.go:2220 +0x29
github.com/go-chi/chi/v5.(*Mux).ServeHTTP(0xc0002842a0, {0x1d2cf8bfea0, 0xc00025d080}, 0xc00035ef00)
	C:/Users/xinchuan99/go/pkg/mod/github.com/go-chi/chi/v5@v5.2.0/mux.go:73 +0x32f
github.com/go-chi/chi/v5.(*Mux).Mount.func1({0x1d2cf8bfea0, 0xc00025d080}, 0xc00035ef00)
	C:/Users/xinchuan99/go/pkg/mod/github.com/go-chi/chi/v5@v5.2.0/mux.go:327 +0x1bb
net/http.HandlerFunc.ServeHTTP(0xc0000dc3c0?, {0x1d2cf8bfea0?, 0xc00025d080?}, 0xc00029a965?)
	C:/Program Files/Go/src/net/http/server.go:2220 +0x29
github.com/go-chi/chi/v5.(*Mux).routeHTTP(0xc00024d2c0, {0x1d2cf8bfea0, 0xc00025d080}, 0xc00035ef00)
	C:/Users/xinchuan99/go/pkg/mod/github.com/go-chi/chi/v5@v5.2.0/mux.go:480 +0x2e2
net/http.HandlerFunc.ServeHTTP(0xc00158d768?, {0x1d2cf8bfea0?, 0xc00025d080?}, 0x2f6e000001f8f938?)
	C:/Program Files/Go/src/net/http/server.go:2220 +0x29
github.com/xinchuantw/hoki-tabloid-backend/internal/server.NewWithConfig.Recover.func3.1({0x1d2cf8bfea0?, 0xc00025d080?}, 0xb?)
	C:/Users/xinchuan99/Documents/Xinchuan/hokishop-tabloid-backend/internal/middlewares/recover.go:92 +0x70
net/http.HandlerFunc.ServeHTTP(0xc00029a965?, {0x1d2cf8bfea0?, 0xc00025d080?}, 0xc00158d7e8?)
	C:/Program Files/Go/src/net/http/server.go:2220 +0x29
github.com/go-chi/chi/v5/middleware.CleanPath.func1({0x1d2cf8bfea0, 0xc00025d080}, 0xc00035ef00)
	C:/Users/xinchuan99/go/pkg/mod/github.com/go-chi/chi/v5@v5.2.0/middleware/clean_path.go:26 +0xf7
net/http.HandlerFunc.ServeHTTP(0xc00158d870?, {0x1d2cf8bfea0?, 0xc00025d080?}, 0xc00158d870?)
	C:/Program Files/Go/src/net/http/server.go:2220 +0x29
github.com/go-chi/chi/v5/middleware.StripSlashes.func1({0x1d2cf8bfea0, 0xc00025d080}, 0xc00035ef00)
	C:/Users/xinchuan99/go/pkg/mod/github.com/go-chi/chi/v5@v5.2.0/middleware/strip.go:30 +0x127
net/http.HandlerFunc.ServeHTTP(0x2f88980?, {0x1d2cf8bfea0?, 0xc00025d080?}, 0x1?)
	C:/Program Files/Go/src/net/http/server.go:2220 +0x29
github.com/go-chi/chi/v5/middleware.init.0.RequestLogger.func1.1({0x212e080, 0xc001680180}, 0xc00035edc0)
	C:/Users/xinchuan99/go/pkg/mod/github.com/go-chi/chi/v5@v5.2.0/middleware/logger.go:55 +0x154
net/http.HandlerFunc.ServeHTTP(0xc0003586e0?, {0x212e080?, 0xc001680180?}, 0xc00035edc0?)
	C:/Program Files/Go/src/net/http/server.go:2220 +0x29
github.com/go-chi/cors.(*Cors).Handler-fm.(*Cors).Handler.func1({0x212e080, 0xc001680180}, 0xc00035edc0)
	C:/Users/xinchuan99/go/pkg/mod/github.com/go-chi/cors@v1.2.1/cors.go:228 +0x17e
net/http.HandlerFunc.ServeHTTP(0x965833?, {0x212e080?, 0xc001680180?}, 0xc00158da20?)
	C:/Program Files/Go/src/net/http/server.go:2220 +0x29
github.com/xinchuantw/hoki-tabloid-backend/internal/server.NewWithConfig.MetricsMiddleware.func1.1({0x212e860, 0xc001688000}, 0xc00035edc0)
	C:/Users/xinchuan99/Documents/Xinchuan/hokishop-tabloid-backend/internal/middlewares/metrics.go:56 +0xd7
net/http.HandlerFunc.ServeHTTP(0x2130c30?, {0x212e860?, 0xc001688000?}, 0x2f84080?)
	C:/Program Files/Go/src/net/http/server.go:2220 +0x29
github.com/go-chi/chi/v5.(*Mux).ServeHTTP(0xc00024d2c0, {0x212e860, 0xc001688000}, 0xc00035ec80)
	C:/Users/xinchuan99/go/pkg/mod/github.com/go-chi/chi/v5@v5.2.0/mux.go:90 +0x2ee
net/http.serverHandler.ServeHTTP({0x2129858?}, {0x212e860?, 0xc001688000?}, 0x6?)
	C:/Program Files/Go/src/net/http/server.go:3210 +0x8e
net/http.(*conn).serve(0xc0000d81b0, {0x2130bf8, 0xc0002ba870})
	C:/Program Files/Go/src/net/http/server.go:2092 +0x5d0
created by net/http.(*Server).Serve in goroutine 66
	C:/Program Files/Go/src/net/http/server.go:3360 +0x485

2024/12/18 09:26:24 [Error] unprocessable entity
 at C:/Users/xinchuan99/Documents/Xinchuan/hokishop-tabloid-backend/internal/modules/logger/logger.go:86 

[StackTrace]:
github.com/xinchuantw/hoki-tabloid-backend/internal/modules/logger.Logger.Error({0xc00158ceb0?}, {0xc000408468, 0x14}, {0x0?, 0x10?, 0x1b597c0?})
	C:/Users/xinchuan99/Documents/Xinchuan/hokishop-tabloid-backend/internal/modules/logger/logger.go:86 +0x5e
github.com/xinchuantw/hoki-tabloid-backend/internal/server.NewWithConfig.Recover.func3.1.1()
	C:/Users/xinchuan99/Documents/Xinchuan/hokishop-tabloid-backend/internal/middlewares/recover.go:81 +0x3ad
panic({0x1bb1240?, 0x2f84cc0?})
	C:/Program Files/Go/src/runtime/panic.go:785 +0x132
github.com/xinchuantw/hoki-tabloid-backend/internal/controllers/auth.(*AuthAdminController).LoginByXinchuanAuth(0xc000096470, {0x1d2cf8bfea0, 0xc00025d100}, 0xc00035f680)
	C:/Users/xinchuan99/Documents/Xinchuan/hokishop-tabloid-backend/internal/controllers/auth/admin.go:39 +0x7f4
net/http.HandlerFunc.ServeHTTP(0xc0001320f0?, {0x1d2cf8bfea0?, 0xc00025d100?}, 0x2103090?)
	C:/Program Files/Go/src/net/http/server.go:2220 +0x29
github.com/go-chi/chi/v5.(*Mux).routeHTTP(0xc000284300, {0x1d2cf8bfea0, 0xc00025d100}, 0xc00035f680)
	C:/Users/xinchuan99/go/pkg/mod/github.com/go-chi/chi/v5@v5.2.0/mux.go:480 +0x2e2
net/http.HandlerFunc.ServeHTTP(0x5600000000000000?, {0x1d2cf8bfea0?, 0xc00025d100?}, 0x0?)
	C:/Program Files/Go/src/net/http/server.go:2220 +0x29
github.com/go-chi/chi/v5.(*Mux).ServeHTTP(0xc000284300, {0x1d2cf8bfea0, 0xc00025d100}, 0xc00035f680)
	C:/Users/xinchuan99/go/pkg/mod/github.com/go-chi/chi/v5@v5.2.0/mux.go:73 +0x32f
github.com/go-chi/chi/v5.(*Mux).Mount.func1({0x1d2cf8bfea0, 0xc00025d100}, 0xc00035f680)
	C:/Users/xinchuan99/go/pkg/mod/github.com/go-chi/chi/v5@v5.2.0/mux.go:327 +0x1bb
net/http.HandlerFunc.ServeHTTP(0xc0001320f0?, {0x1d2cf8bfea0?, 0xc00025d100?}, 0xc0016d9740?)
	C:/Program Files/Go/src/net/http/server.go:2220 +0x29
github.com/go-chi/chi/v5.(*Mux).routeHTTP(0xc0002842a0, {0x1d2cf8bfea0, 0xc00025d100}, 0xc00035f680)
	C:/Users/xinchuan99/go/pkg/mod/github.com/go-chi/chi/v5@v5.2.0/mux.go:480 +0x2e2
net/http.HandlerFunc.ServeHTTP(0xc00158d5a0?, {0x1d2cf8bfea0?, 0xc00025d100?}, 0xc00158d580?)
	C:/Program Files/Go/src/net/http/server.go:2220 +0x29
github.com/go-chi/chi/v5.(*Mux).ServeHTTP(0xc0002842a0, {0x1d2cf8bfea0, 0xc00025d100}, 0xc00035f680)
	C:/Users/xinchuan99/go/pkg/mod/github.com/go-chi/chi/v5@v5.2.0/mux.go:73 +0x32f
github.com/go-chi/chi/v5.(*Mux).Mount.func1({0x1d2cf8bfea0, 0xc00025d100}, 0xc00035f680)
	C:/Users/xinchuan99/go/pkg/mod/github.com/go-chi/chi/v5@v5.2.0/mux.go:327 +0x1bb
net/http.HandlerFunc.ServeHTTP(0xc0001320f0?, {0x1d2cf8bfea0?, 0xc00025d100?}, 0xc00029b965?)
	C:/Program Files/Go/src/net/http/server.go:2220 +0x29
github.com/go-chi/chi/v5.(*Mux).routeHTTP(0xc00024d2c0, {0x1d2cf8bfea0, 0xc00025d100}, 0xc00035f680)
	C:/Users/xinchuan99/go/pkg/mod/github.com/go-chi/chi/v5@v5.2.0/mux.go:480 +0x2e2
net/http.HandlerFunc.ServeHTTP(0xc00158d768?, {0x1d2cf8bfea0?, 0xc00025d100?}, 0x2f6e000001f8f938?)
	C:/Program Files/Go/src/net/http/server.go:2220 +0x29
github.com/xinchuantw/hoki-tabloid-backend/internal/server.NewWithConfig.Recover.func3.1({0x1d2cf8bfea0?, 0xc00025d100?}, 0xb?)
	C:/Users/xinchuan99/Documents/Xinchuan/hokishop-tabloid-backend/internal/middlewares/recover.go:92 +0x70
net/http.HandlerFunc.ServeHTTP(0xc00029b965?, {0x1d2cf8bfea0?, 0xc00025d100?}, 0xc00158d7e8?)
	C:/Program Files/Go/src/net/http/server.go:2220 +0x29
github.com/go-chi/chi/v5/middleware.CleanPath.func1({0x1d2cf8bfea0, 0xc00025d100}, 0xc00035f680)
	C:/Users/xinchuan99/go/pkg/mod/github.com/go-chi/chi/v5@v5.2.0/middleware/clean_path.go:26 +0xf7
net/http.HandlerFunc.ServeHTTP(0xc00158d870?, {0x1d2cf8bfea0?, 0xc00025d100?}, 0xc00158d870?)
	C:/Program Files/Go/src/net/http/server.go:2220 +0x29
github.com/go-chi/chi/v5/middleware.StripSlashes.func1({0x1d2cf8bfea0, 0xc00025d100}, 0xc00035f680)
	C:/Users/xinchuan99/go/pkg/mod/github.com/go-chi/chi/v5@v5.2.0/middleware/strip.go:30 +0x127
net/http.HandlerFunc.ServeHTTP(0x2f88980?, {0x1d2cf8bfea0?, 0xc00025d100?}, 0x1?)
	C:/Program Files/Go/src/net/http/server.go:2220 +0x29
github.com/go-chi/chi/v5/middleware.init.0.RequestLogger.func1.1({0x212e080, 0xc001680a68}, 0xc00035f540)
	C:/Users/xinchuan99/go/pkg/mod/github.com/go-chi/chi/v5@v5.2.0/middleware/logger.go:55 +0x154
net/http.HandlerFunc.ServeHTTP(0xc0003586e0?, {0x212e080?, 0xc001680a68?}, 0xc00035f540?)
	C:/Program Files/Go/src/net/http/server.go:2220 +0x29
github.com/go-chi/cors.(*Cors).Handler-fm.(*Cors).Handler.func1({0x212e080, 0xc001680a68}, 0xc00035f540)
	C:/Users/xinchuan99/go/pkg/mod/github.com/go-chi/cors@v1.2.1/cors.go:228 +0x17e
net/http.HandlerFunc.ServeHTTP(0x965833?, {0x212e080?, 0xc001680a68?}, 0xc00158da20?)
	C:/Program Files/Go/src/net/http/server.go:2220 +0x29
github.com/xinchuantw/hoki-tabloid-backend/internal/server.NewWithConfig.MetricsMiddleware.func1.1({0x212e860, 0xc0016880e0}, 0xc00035f540)
	C:/Users/xinchuan99/Documents/Xinchuan/hokishop-tabloid-backend/internal/middlewares/metrics.go:56 +0xd7
net/http.HandlerFunc.ServeHTTP(0x2130c30?, {0x212e860?, 0xc0016880e0?}, 0x2f84080?)
	C:/Program Files/Go/src/net/http/server.go:2220 +0x29
github.com/go-chi/chi/v5.(*Mux).ServeHTTP(0xc00024d2c0, {0x212e860, 0xc0016880e0}, 0xc00035f400)
	C:/Users/xinchuan99/go/pkg/mod/github.com/go-chi/chi/v5@v5.2.0/mux.go:90 +0x2ee
net/http.serverHandler.ServeHTTP({0x2129858?}, {0x212e860?, 0xc0016880e0?}, 0x6?)
	C:/Program Files/Go/src/net/http/server.go:3210 +0x8e
net/http.(*conn).serve(0xc0000d81b0, {0x2130bf8, 0xc0002ba870})
	C:/Program Files/Go/src/net/http/server.go:2092 +0x5d0
created by net/http.(*Server).Serve in goroutine 66
	C:/Program Files/Go/src/net/http/server.go:3360 +0x485

2024/12/18 11:54:43 [Error] unprocessable entity
 at C:/Users/xinchuan99/Documents/Xinchuan/hokishop-tabloid-backend/internal/modules/logger/logger.go:86 

[StackTrace]:
github.com/xinchuantw/hoki-tabloid-backend/internal/modules/logger.Logger.Error({0xc001266eb0?}, {0xc0003387c8, 0x14}, {0x0?, 0x10?, 0x1b597c0?})
	C:/Users/xinchuan99/Documents/Xinchuan/hokishop-tabloid-backend/internal/modules/logger/logger.go:86 +0x5e
github.com/xinchuantw/hoki-tabloid-backend/internal/server.NewWithConfig.Recover.func3.1.1()
	C:/Users/xinchuan99/Documents/Xinchuan/hokishop-tabloid-backend/internal/middlewares/recover.go:81 +0x3ad
panic({0x1bb1240?, 0x2f84cc0?})
	C:/Program Files/Go/src/runtime/panic.go:785 +0x132
github.com/xinchuantw/hoki-tabloid-backend/internal/controllers/auth.(*AuthAdminController).LoginByXinchuanAuth(0xc000096470, {0x1d2cf8bfea0, 0xc00013b840}, 0xc00040b7c0)
	C:/Users/xinchuan99/Documents/Xinchuan/hokishop-tabloid-backend/internal/controllers/auth/admin.go:39 +0x7f4
net/http.HandlerFunc.ServeHTTP(0xc000a8aff0?, {0x1d2cf8bfea0?, 0xc00013b840?}, 0x2103090?)
	C:/Program Files/Go/src/net/http/server.go:2220 +0x29
github.com/go-chi/chi/v5.(*Mux).routeHTTP(0xc000284300, {0x1d2cf8bfea0, 0xc00013b840}, 0xc00040b7c0)
	C:/Users/xinchuan99/go/pkg/mod/github.com/go-chi/chi/v5@v5.2.0/mux.go:480 +0x2e2
net/http.HandlerFunc.ServeHTTP(0xa500000000000000?, {0x1d2cf8bfea0?, 0xc00013b840?}, 0x2?)
	C:/Program Files/Go/src/net/http/server.go:2220 +0x29
github.com/go-chi/chi/v5.(*Mux).ServeHTTP(0xc000284300, {0x1d2cf8bfea0, 0xc00013b840}, 0xc00040b7c0)
	C:/Users/xinchuan99/go/pkg/mod/github.com/go-chi/chi/v5@v5.2.0/mux.go:73 +0x32f
github.com/go-chi/chi/v5.(*Mux).Mount.func1({0x1d2cf8bfea0, 0xc00013b840}, 0xc00040b7c0)
	C:/Users/xinchuan99/go/pkg/mod/github.com/go-chi/chi/v5@v5.2.0/mux.go:327 +0x1bb
net/http.HandlerFunc.ServeHTTP(0xc000a8aff0?, {0x1d2cf8bfea0?, 0xc00013b840?}, 0xc0016d8878?)
	C:/Program Files/Go/src/net/http/server.go:2220 +0x29
github.com/go-chi/chi/v5.(*Mux).routeHTTP(0xc0002842a0, {0x1d2cf8bfea0, 0xc00013b840}, 0xc00040b7c0)
	C:/Users/xinchuan99/go/pkg/mod/github.com/go-chi/chi/v5@v5.2.0/mux.go:480 +0x2e2
net/http.HandlerFunc.ServeHTTP(0xc0012675a0?, {0x1d2cf8bfea0?, 0xc00013b840?}, 0xc001267580?)
	C:/Program Files/Go/src/net/http/server.go:2220 +0x29
github.com/go-chi/chi/v5.(*Mux).ServeHTTP(0xc0002842a0, {0x1d2cf8bfea0, 0xc00013b840}, 0xc00040b7c0)
	C:/Users/xinchuan99/go/pkg/mod/github.com/go-chi/chi/v5@v5.2.0/mux.go:73 +0x32f
github.com/go-chi/chi/v5.(*Mux).Mount.func1({0x1d2cf8bfea0, 0xc00013b840}, 0xc00040b7c0)
	C:/Users/xinchuan99/go/pkg/mod/github.com/go-chi/chi/v5@v5.2.0/mux.go:327 +0x1bb
net/http.HandlerFunc.ServeHTTP(0xc000a8aff0?, {0x1d2cf8bfea0?, 0xc00013b840?}, 0xc000400265?)
	C:/Program Files/Go/src/net/http/server.go:2220 +0x29
github.com/go-chi/chi/v5.(*Mux).routeHTTP(0xc00024d2c0, {0x1d2cf8bfea0, 0xc00013b840}, 0xc00040b7c0)
	C:/Users/xinchuan99/go/pkg/mod/github.com/go-chi/chi/v5@v5.2.0/mux.go:480 +0x2e2
net/http.HandlerFunc.ServeHTTP(0xc001267768?, {0x1d2cf8bfea0?, 0xc00013b840?}, 0x2f6e000001f8f938?)
	C:/Program Files/Go/src/net/http/server.go:2220 +0x29
github.com/xinchuantw/hoki-tabloid-backend/internal/server.NewWithConfig.Recover.func3.1({0x1d2cf8bfea0?, 0xc00013b840?}, 0xb?)
	C:/Users/xinchuan99/Documents/Xinchuan/hokishop-tabloid-backend/internal/middlewares/recover.go:92 +0x70
net/http.HandlerFunc.ServeHTTP(0xc000400265?, {0x1d2cf8bfea0?, 0xc00013b840?}, 0xc0012677e8?)
	C:/Program Files/Go/src/net/http/server.go:2220 +0x29
github.com/go-chi/chi/v5/middleware.CleanPath.func1({0x1d2cf8bfea0, 0xc00013b840}, 0xc00040b7c0)
	C:/Users/xinchuan99/go/pkg/mod/github.com/go-chi/chi/v5@v5.2.0/middleware/clean_path.go:26 +0xf7
net/http.HandlerFunc.ServeHTTP(0xc001267870?, {0x1d2cf8bfea0?, 0xc00013b840?}, 0xc001267870?)
	C:/Program Files/Go/src/net/http/server.go:2220 +0x29
github.com/go-chi/chi/v5/middleware.StripSlashes.func1({0x1d2cf8bfea0, 0xc00013b840}, 0xc00040b7c0)
	C:/Users/xinchuan99/go/pkg/mod/github.com/go-chi/chi/v5@v5.2.0/middleware/strip.go:30 +0x127
net/http.HandlerFunc.ServeHTTP(0x2f88980?, {0x1d2cf8bfea0?, 0xc00013b840?}, 0x10?)
	C:/Program Files/Go/src/net/http/server.go:2220 +0x29
github.com/go-chi/chi/v5/middleware.init.0.RequestLogger.func1.1({0x212e080, 0xc00185e168}, 0xc00040b680)
	C:/Users/xinchuan99/go/pkg/mod/github.com/go-chi/chi/v5@v5.2.0/middleware/logger.go:55 +0x154
net/http.HandlerFunc.ServeHTTP(0xc0003586e0?, {0x212e080?, 0xc00185e168?}, 0xc00040b680?)
	C:/Program Files/Go/src/net/http/server.go:2220 +0x29
github.com/go-chi/cors.(*Cors).Handler-fm.(*Cors).Handler.func1({0x212e080, 0xc00185e168}, 0xc00040b680)
	C:/Users/xinchuan99/go/pkg/mod/github.com/go-chi/cors@v1.2.1/cors.go:228 +0x17e
net/http.HandlerFunc.ServeHTTP(0x965833?, {0x212e080?, 0xc00185e168?}, 0xc001267a20?)
	C:/Program Files/Go/src/net/http/server.go:2220 +0x29
github.com/xinchuantw/hoki-tabloid-backend/internal/server.NewWithConfig.MetricsMiddleware.func1.1({0x212e860, 0xc0018620e0}, 0xc00040b680)
	C:/Users/xinchuan99/Documents/Xinchuan/hokishop-tabloid-backend/internal/middlewares/metrics.go:56 +0xd7
net/http.HandlerFunc.ServeHTTP(0x2130c30?, {0x212e860?, 0xc0018620e0?}, 0x2f84080?)
	C:/Program Files/Go/src/net/http/server.go:2220 +0x29
github.com/go-chi/chi/v5.(*Mux).ServeHTTP(0xc00024d2c0, {0x212e860, 0xc0018620e0}, 0xc00040b540)
	C:/Users/xinchuan99/go/pkg/mod/github.com/go-chi/chi/v5@v5.2.0/mux.go:90 +0x2ee
net/http.serverHandler.ServeHTTP({0x2129858?}, {0x212e860?, 0xc0018620e0?}, 0x6?)
	C:/Program Files/Go/src/net/http/server.go:3210 +0x8e
net/http.(*conn).serve(0xc00012dcb0, {0x2130bf8, 0xc0002ba870})
	C:/Program Files/Go/src/net/http/server.go:2092 +0x5d0
created by net/http.(*Server).Serve in goroutine 66
	C:/Program Files/Go/src/net/http/server.go:3360 +0x485

2024/12/18 11:55:34 [Error] unprocessable entity
 at C:/Users/xinchuan99/Documents/Xinchuan/hokishop-tabloid-backend/internal/modules/logger/logger.go:86 

[StackTrace]:
github.com/xinchuantw/hoki-tabloid-backend/internal/modules/logger.Logger.Error({0xc000328eb0?}, {0xc000338810, 0x14}, {0x0?, 0x10?, 0x1b597c0?})
	C:/Users/xinchuan99/Documents/Xinchuan/hokishop-tabloid-backend/internal/modules/logger/logger.go:86 +0x5e
github.com/xinchuantw/hoki-tabloid-backend/internal/server.NewWithConfig.Recover.func3.1.1()
	C:/Users/xinchuan99/Documents/Xinchuan/hokishop-tabloid-backend/internal/middlewares/recover.go:81 +0x3ad
panic({0x1bb1240?, 0x2f84cc0?})
	C:/Program Files/Go/src/runtime/panic.go:785 +0x132
github.com/xinchuantw/hoki-tabloid-backend/internal/controllers/auth.(*AuthAdminController).LoginByXinchuanAuth(0xc000096470, {0x1d2cf8bfea0, 0xc000476700}, 0xc0000b6000)
	C:/Users/xinchuan99/Documents/Xinchuan/hokishop-tabloid-backend/internal/controllers/auth/admin.go:39 +0x7f4
net/http.HandlerFunc.ServeHTTP(0xc000a8af00?, {0x1d2cf8bfea0?, 0xc000476700?}, 0x2103090?)
	C:/Program Files/Go/src/net/http/server.go:2220 +0x29
github.com/go-chi/chi/v5.(*Mux).routeHTTP(0xc000284300, {0x1d2cf8bfea0, 0xc000476700}, 0xc0000b6000)
	C:/Users/xinchuan99/go/pkg/mod/github.com/go-chi/chi/v5@v5.2.0/mux.go:480 +0x2e2
net/http.HandlerFunc.ServeHTTP(0xa100000000000000?, {0x1d2cf8bfea0?, 0xc000476700?}, 0x2?)
	C:/Program Files/Go/src/net/http/server.go:2220 +0x29
github.com/go-chi/chi/v5.(*Mux).ServeHTTP(0xc000284300, {0x1d2cf8bfea0, 0xc000476700}, 0xc0000b6000)
	C:/Users/xinchuan99/go/pkg/mod/github.com/go-chi/chi/v5@v5.2.0/mux.go:73 +0x32f
github.com/go-chi/chi/v5.(*Mux).Mount.func1({0x1d2cf8bfea0, 0xc000476700}, 0xc0000b6000)
	C:/Users/xinchuan99/go/pkg/mod/github.com/go-chi/chi/v5@v5.2.0/mux.go:327 +0x1bb
net/http.HandlerFunc.ServeHTTP(0xc000a8af00?, {0x1d2cf8bfea0?, 0xc000476700?}, 0xc001784490?)
	C:/Program Files/Go/src/net/http/server.go:2220 +0x29
github.com/go-chi/chi/v5.(*Mux).routeHTTP(0xc0002842a0, {0x1d2cf8bfea0, 0xc000476700}, 0xc0000b6000)
	C:/Users/xinchuan99/go/pkg/mod/github.com/go-chi/chi/v5@v5.2.0/mux.go:480 +0x2e2
net/http.HandlerFunc.ServeHTTP(0xc0003295a0?, {0x1d2cf8bfea0?, 0xc000476700?}, 0xc000329580?)
	C:/Program Files/Go/src/net/http/server.go:2220 +0x29
github.com/go-chi/chi/v5.(*Mux).ServeHTTP(0xc0002842a0, {0x1d2cf8bfea0, 0xc000476700}, 0xc0000b6000)
	C:/Users/xinchuan99/go/pkg/mod/github.com/go-chi/chi/v5@v5.2.0/mux.go:73 +0x32f
github.com/go-chi/chi/v5.(*Mux).Mount.func1({0x1d2cf8bfea0, 0xc000476700}, 0xc0000b6000)
	C:/Users/xinchuan99/go/pkg/mod/github.com/go-chi/chi/v5@v5.2.0/mux.go:327 +0x1bb
net/http.HandlerFunc.ServeHTTP(0xc000a8af00?, {0x1d2cf8bfea0?, 0xc000476700?}, 0xc00029a005?)
	C:/Program Files/Go/src/net/http/server.go:2220 +0x29
github.com/go-chi/chi/v5.(*Mux).routeHTTP(0xc00024d2c0, {0x1d2cf8bfea0, 0xc000476700}, 0xc0000b6000)
	C:/Users/xinchuan99/go/pkg/mod/github.com/go-chi/chi/v5@v5.2.0/mux.go:480 +0x2e2
net/http.HandlerFunc.ServeHTTP(0xc000329768?, {0x1d2cf8bfea0?, 0xc000476700?}, 0x2f6e00c000329750?)
	C:/Program Files/Go/src/net/http/server.go:2220 +0x29
github.com/xinchuantw/hoki-tabloid-backend/internal/server.NewWithConfig.Recover.func3.1({0x1d2cf8bfea0?, 0xc000476700?}, 0xb?)
	C:/Users/xinchuan99/Documents/Xinchuan/hokishop-tabloid-backend/internal/middlewares/recover.go:92 +0x70
net/http.HandlerFunc.ServeHTTP(0xc00029a005?, {0x1d2cf8bfea0?, 0xc000476700?}, 0xc0003297e8?)
	C:/Program Files/Go/src/net/http/server.go:2220 +0x29
github.com/go-chi/chi/v5/middleware.CleanPath.func1({0x1d2cf8bfea0, 0xc000476700}, 0xc0000b6000)
	C:/Users/xinchuan99/go/pkg/mod/github.com/go-chi/chi/v5@v5.2.0/middleware/clean_path.go:26 +0xf7
net/http.HandlerFunc.ServeHTTP(0xc000329870?, {0x1d2cf8bfea0?, 0xc000476700?}, 0xc000329870?)
	C:/Program Files/Go/src/net/http/server.go:2220 +0x29
github.com/go-chi/chi/v5/middleware.StripSlashes.func1({0x1d2cf8bfea0, 0xc000476700}, 0xc0000b6000)
	C:/Users/xinchuan99/go/pkg/mod/github.com/go-chi/chi/v5@v5.2.0/middleware/strip.go:30 +0x127
net/http.HandlerFunc.ServeHTTP(0x2f88980?, {0x1d2cf8bfea0?, 0xc000476700?}, 0x10?)
	C:/Program Files/Go/src/net/http/server.go:2220 +0x29
github.com/go-chi/chi/v5/middleware.init.0.RequestLogger.func1.1({0x212e080, 0xc00047a1b0}, 0xc0002e6500)
	C:/Users/xinchuan99/go/pkg/mod/github.com/go-chi/chi/v5@v5.2.0/middleware/logger.go:55 +0x154
net/http.HandlerFunc.ServeHTTP(0xc0003586e0?, {0x212e080?, 0xc00047a1b0?}, 0xc0002e6500?)
	C:/Program Files/Go/src/net/http/server.go:2220 +0x29
github.com/go-chi/cors.(*Cors).Handler-fm.(*Cors).Handler.func1({0x212e080, 0xc00047a1b0}, 0xc0002e6500)
	C:/Users/xinchuan99/go/pkg/mod/github.com/go-chi/cors@v1.2.1/cors.go:228 +0x17e
net/http.HandlerFunc.ServeHTTP(0x965833?, {0x212e080?, 0xc00047a1b0?}, 0xc000329a20?)
	C:/Program Files/Go/src/net/http/server.go:2220 +0x29
github.com/xinchuantw/hoki-tabloid-backend/internal/server.NewWithConfig.MetricsMiddleware.func1.1({0x212e860, 0xc000b58000}, 0xc0002e6500)
	C:/Users/xinchuan99/Documents/Xinchuan/hokishop-tabloid-backend/internal/middlewares/metrics.go:56 +0xd7
net/http.HandlerFunc.ServeHTTP(0x2130c30?, {0x212e860?, 0xc000b58000?}, 0x2f84080?)
	C:/Program Files/Go/src/net/http/server.go:2220 +0x29
github.com/go-chi/chi/v5.(*Mux).ServeHTTP(0xc00024d2c0, {0x212e860, 0xc000b58000}, 0xc0002e63c0)
	C:/Users/xinchuan99/go/pkg/mod/github.com/go-chi/chi/v5@v5.2.0/mux.go:90 +0x2ee
net/http.serverHandler.ServeHTTP({0x2129858?}, {0x212e860?, 0xc000b58000?}, 0x6?)
	C:/Program Files/Go/src/net/http/server.go:3210 +0x8e
net/http.(*conn).serve(0xc00012dcb0, {0x2130bf8, 0xc0002ba870})
	C:/Program Files/Go/src/net/http/server.go:2092 +0x5d0
created by net/http.(*Server).Serve in goroutine 66
	C:/Program Files/Go/src/net/http/server.go:3360 +0x485

2024/12/18 11:56:40 [Error] unprocessable entity
 at C:/Users/xinchuan99/Documents/Xinchuan/hokishop-tabloid-backend/internal/modules/logger/logger.go:86 

[StackTrace]:
github.com/xinchuantw/hoki-tabloid-backend/internal/modules/logger.Logger.Error({0xc000328eb0?}, {0xc000339260, 0x14}, {0x0?, 0x10?, 0x1b597c0?})
	C:/Users/xinchuan99/Documents/Xinchuan/hokishop-tabloid-backend/internal/modules/logger/logger.go:86 +0x5e
github.com/xinchuantw/hoki-tabloid-backend/internal/server.NewWithConfig.Recover.func3.1.1()
	C:/Users/xinchuan99/Documents/Xinchuan/hokishop-tabloid-backend/internal/middlewares/recover.go:81 +0x3ad
panic({0x1bb1240?, 0x2f84cc0?})
	C:/Program Files/Go/src/runtime/panic.go:785 +0x132
github.com/xinchuantw/hoki-tabloid-backend/internal/controllers/auth.(*AuthAdminController).LoginByXinchuanAuth(0xc000096470, {0x1d2cf8bfea0, 0xc00033a5c0}, 0xc000e94f00)
	C:/Users/xinchuan99/Documents/Xinchuan/hokishop-tabloid-backend/internal/controllers/auth/admin.go:39 +0x7f4
net/http.HandlerFunc.ServeHTTP(0xc000a8aff0?, {0x1d2cf8bfea0?, 0xc00033a5c0?}, 0x2103090?)
	C:/Program Files/Go/src/net/http/server.go:2220 +0x29
github.com/go-chi/chi/v5.(*Mux).routeHTTP(0xc000284300, {0x1d2cf8bfea0, 0xc00033a5c0}, 0xc000e94f00)
	C:/Users/xinchuan99/go/pkg/mod/github.com/go-chi/chi/v5@v5.2.0/mux.go:480 +0x2e2
net/http.HandlerFunc.ServeHTTP(0xe800000000000000?, {0x1d2cf8bfea0?, 0xc00033a5c0?}, 0x0?)
	C:/Program Files/Go/src/net/http/server.go:2220 +0x29
github.com/go-chi/chi/v5.(*Mux).ServeHTTP(0xc000284300, {0x1d2cf8bfea0, 0xc00033a5c0}, 0xc000e94f00)
	C:/Users/xinchuan99/go/pkg/mod/github.com/go-chi/chi/v5@v5.2.0/mux.go:73 +0x32f
github.com/go-chi/chi/v5.(*Mux).Mount.func1({0x1d2cf8bfea0, 0xc00033a5c0}, 0xc000e94f00)
	C:/Users/xinchuan99/go/pkg/mod/github.com/go-chi/chi/v5@v5.2.0/mux.go:327 +0x1bb
net/http.HandlerFunc.ServeHTTP(0xc000a8aff0?, {0x1d2cf8bfea0?, 0xc00033a5c0?}, 0xc0002869c0?)
	C:/Program Files/Go/src/net/http/server.go:2220 +0x29
github.com/go-chi/chi/v5.(*Mux).routeHTTP(0xc0002842a0, {0x1d2cf8bfea0, 0xc00033a5c0}, 0xc000e94f00)
	C:/Users/xinchuan99/go/pkg/mod/github.com/go-chi/chi/v5@v5.2.0/mux.go:480 +0x2e2
net/http.HandlerFunc.ServeHTTP(0xc0003295a0?, {0x1d2cf8bfea0?, 0xc00033a5c0?}, 0xc000329580?)
	C:/Program Files/Go/src/net/http/server.go:2220 +0x29
github.com/go-chi/chi/v5.(*Mux).ServeHTTP(0xc0002842a0, {0x1d2cf8bfea0, 0xc00033a5c0}, 0xc000e94f00)
	C:/Users/xinchuan99/go/pkg/mod/github.com/go-chi/chi/v5@v5.2.0/mux.go:73 +0x32f
github.com/go-chi/chi/v5.(*Mux).Mount.func1({0x1d2cf8bfea0, 0xc00033a5c0}, 0xc000e94f00)
	C:/Users/xinchuan99/go/pkg/mod/github.com/go-chi/chi/v5@v5.2.0/mux.go:327 +0x1bb
net/http.HandlerFunc.ServeHTTP(0xc000a8aff0?, {0x1d2cf8bfea0?, 0xc00033a5c0?}, 0xc000120985?)
	C:/Program Files/Go/src/net/http/server.go:2220 +0x29
github.com/go-chi/chi/v5.(*Mux).routeHTTP(0xc00024d2c0, {0x1d2cf8bfea0, 0xc00033a5c0}, 0xc000e94f00)
	C:/Users/xinchuan99/go/pkg/mod/github.com/go-chi/chi/v5@v5.2.0/mux.go:480 +0x2e2
net/http.HandlerFunc.ServeHTTP(0xc000329768?, {0x1d2cf8bfea0?, 0xc00033a5c0?}, 0x2f6e000001f8f938?)
	C:/Program Files/Go/src/net/http/server.go:2220 +0x29
github.com/xinchuantw/hoki-tabloid-backend/internal/server.NewWithConfig.Recover.func3.1({0x1d2cf8bfea0?, 0xc00033a5c0?}, 0xb?)
	C:/Users/xinchuan99/Documents/Xinchuan/hokishop-tabloid-backend/internal/middlewares/recover.go:92 +0x70
net/http.HandlerFunc.ServeHTTP(0xc000120985?, {0x1d2cf8bfea0?, 0xc00033a5c0?}, 0xc0003297e8?)
	C:/Program Files/Go/src/net/http/server.go:2220 +0x29
github.com/go-chi/chi/v5/middleware.CleanPath.func1({0x1d2cf8bfea0, 0xc00033a5c0}, 0xc000e94f00)
	C:/Users/xinchuan99/go/pkg/mod/github.com/go-chi/chi/v5@v5.2.0/middleware/clean_path.go:26 +0xf7
net/http.HandlerFunc.ServeHTTP(0xc000329870?, {0x1d2cf8bfea0?, 0xc00033a5c0?}, 0xc000329870?)
	C:/Program Files/Go/src/net/http/server.go:2220 +0x29
github.com/go-chi/chi/v5/middleware.StripSlashes.func1({0x1d2cf8bfea0, 0xc00033a5c0}, 0xc000e94f00)
	C:/Users/xinchuan99/go/pkg/mod/github.com/go-chi/chi/v5@v5.2.0/middleware/strip.go:30 +0x127
net/http.HandlerFunc.ServeHTTP(0x2f88980?, {0x1d2cf8bfea0?, 0xc00033a5c0?}, 0x10?)
	C:/Program Files/Go/src/net/http/server.go:2220 +0x29
github.com/go-chi/chi/v5/middleware.init.0.RequestLogger.func1.1({0x212e080, 0xc00179d680}, 0xc000e94dc0)
	C:/Users/xinchuan99/go/pkg/mod/github.com/go-chi/chi/v5@v5.2.0/middleware/logger.go:55 +0x154
net/http.HandlerFunc.ServeHTTP(0xc0003586e0?, {0x212e080?, 0xc00179d680?}, 0xc000e94dc0?)
	C:/Program Files/Go/src/net/http/server.go:2220 +0x29
github.com/go-chi/cors.(*Cors).Handler-fm.(*Cors).Handler.func1({0x212e080, 0xc00179d680}, 0xc000e94dc0)
	C:/Users/xinchuan99/go/pkg/mod/github.com/go-chi/cors@v1.2.1/cors.go:228 +0x17e
net/http.HandlerFunc.ServeHTTP(0x965833?, {0x212e080?, 0xc00179d680?}, 0xc000329a20?)
	C:/Program Files/Go/src/net/http/server.go:2220 +0x29
github.com/xinchuantw/hoki-tabloid-backend/internal/server.NewWithConfig.MetricsMiddleware.func1.1({0x212e860, 0xc0011fa2a0}, 0xc000e94dc0)
	C:/Users/xinchuan99/Documents/Xinchuan/hokishop-tabloid-backend/internal/middlewares/metrics.go:56 +0xd7
net/http.HandlerFunc.ServeHTTP(0x2130c30?, {0x212e860?, 0xc0011fa2a0?}, 0x2f84080?)
	C:/Program Files/Go/src/net/http/server.go:2220 +0x29
github.com/go-chi/chi/v5.(*Mux).ServeHTTP(0xc00024d2c0, {0x212e860, 0xc0011fa2a0}, 0xc000e94c80)
	C:/Users/xinchuan99/go/pkg/mod/github.com/go-chi/chi/v5@v5.2.0/mux.go:90 +0x2ee
net/http.serverHandler.ServeHTTP({0x2129858?}, {0x212e860?, 0xc0011fa2a0?}, 0x6?)
	C:/Program Files/Go/src/net/http/server.go:3210 +0x8e
net/http.(*conn).serve(0xc00012dcb0, {0x2130bf8, 0xc0002ba870})
	C:/Program Files/Go/src/net/http/server.go:2092 +0x5d0
created by net/http.(*Server).Serve in goroutine 66
	C:/Program Files/Go/src/net/http/server.go:3360 +0x485

2024/12/18 11:57:53 [Error] unprocessable entity
 at C:/Users/xinchuan99/Documents/Xinchuan/hokishop-tabloid-backend/internal/modules/logger/logger.go:86 

[StackTrace]:
github.com/xinchuantw/hoki-tabloid-backend/internal/modules/logger.Logger.Error({0xc000d14eb0?}, {0xc000338780, 0x14}, {0x0?, 0x10?, 0x1b597c0?})
	C:/Users/xinchuan99/Documents/Xinchuan/hokishop-tabloid-backend/internal/modules/logger/logger.go:86 +0x5e
github.com/xinchuantw/hoki-tabloid-backend/internal/server.NewWithConfig.Recover.func3.1.1()
	C:/Users/xinchuan99/Documents/Xinchuan/hokishop-tabloid-backend/internal/middlewares/recover.go:81 +0x3ad
panic({0x1bb1240?, 0x2f84cc0?})
	C:/Program Files/Go/src/runtime/panic.go:785 +0x132
github.com/xinchuantw/hoki-tabloid-backend/internal/controllers/auth.(*AuthAdminController).LoginByXinchuanAuth(0xc000096470, {0x1d2cf8bfea0, 0xc000476a00}, 0xc001098000)
	C:/Users/xinchuan99/Documents/Xinchuan/hokishop-tabloid-backend/internal/controllers/auth/admin.go:39 +0x7f4
net/http.HandlerFunc.ServeHTTP(0xc000a8ae10?, {0x1d2cf8bfea0?, 0xc000476a00?}, 0x2103090?)
	C:/Program Files/Go/src/net/http/server.go:2220 +0x29
github.com/go-chi/chi/v5.(*Mux).routeHTTP(0xc000284300, {0x1d2cf8bfea0, 0xc000476a00}, 0xc001098000)
	C:/Users/xinchuan99/go/pkg/mod/github.com/go-chi/chi/v5@v5.2.0/mux.go:480 +0x2e2
net/http.HandlerFunc.ServeHTTP(0x500000000000000?, {0x1d2cf8bfea0?, 0xc000476a00?}, 0x2?)
	C:/Program Files/Go/src/net/http/server.go:2220 +0x29
github.com/go-chi/chi/v5.(*Mux).ServeHTTP(0xc000284300, {0x1d2cf8bfea0, 0xc000476a00}, 0xc001098000)
	C:/Users/xinchuan99/go/pkg/mod/github.com/go-chi/chi/v5@v5.2.0/mux.go:73 +0x32f
github.com/go-chi/chi/v5.(*Mux).Mount.func1({0x1d2cf8bfea0, 0xc000476a00}, 0xc001098000)
	C:/Users/xinchuan99/go/pkg/mod/github.com/go-chi/chi/v5@v5.2.0/mux.go:327 +0x1bb
net/http.HandlerFunc.ServeHTTP(0xc000a8ae10?, {0x1d2cf8bfea0?, 0xc000476a00?}, 0xc0017845e0?)
	C:/Program Files/Go/src/net/http/server.go:2220 +0x29
github.com/go-chi/chi/v5.(*Mux).routeHTTP(0xc0002842a0, {0x1d2cf8bfea0, 0xc000476a00}, 0xc001098000)
	C:/Users/xinchuan99/go/pkg/mod/github.com/go-chi/chi/v5@v5.2.0/mux.go:480 +0x2e2
net/http.HandlerFunc.ServeHTTP(0xc000d155a0?, {0x1d2cf8bfea0?, 0xc000476a00?}, 0xc000d15580?)
	C:/Program Files/Go/src/net/http/server.go:2220 +0x29
github.com/go-chi/chi/v5.(*Mux).ServeHTTP(0xc0002842a0, {0x1d2cf8bfea0, 0xc000476a00}, 0xc001098000)
	C:/Users/xinchuan99/go/pkg/mod/github.com/go-chi/chi/v5@v5.2.0/mux.go:73 +0x32f
github.com/go-chi/chi/v5.(*Mux).Mount.func1({0x1d2cf8bfea0, 0xc000476a00}, 0xc001098000)
	C:/Users/xinchuan99/go/pkg/mod/github.com/go-chi/chi/v5@v5.2.0/mux.go:327 +0x1bb
net/http.HandlerFunc.ServeHTTP(0xc000a8ae10?, {0x1d2cf8bfea0?, 0xc000476a00?}, 0xc00029a2c5?)
	C:/Program Files/Go/src/net/http/server.go:2220 +0x29
github.com/go-chi/chi/v5.(*Mux).routeHTTP(0xc00024d2c0, {0x1d2cf8bfea0, 0xc000476a00}, 0xc001098000)
	C:/Users/xinchuan99/go/pkg/mod/github.com/go-chi/chi/v5@v5.2.0/mux.go:480 +0x2e2
net/http.HandlerFunc.ServeHTTP(0xc000d15768?, {0x1d2cf8bfea0?, 0xc000476a00?}, 0x2f6e00c000d15750?)
	C:/Program Files/Go/src/net/http/server.go:2220 +0x29
github.com/xinchuantw/hoki-tabloid-backend/internal/server.NewWithConfig.Recover.func3.1({0x1d2cf8bfea0?, 0xc000476a00?}, 0xb?)
	C:/Users/xinchuan99/Documents/Xinchuan/hokishop-tabloid-backend/internal/middlewares/recover.go:92 +0x70
net/http.HandlerFunc.ServeHTTP(0xc00029a2c5?, {0x1d2cf8bfea0?, 0xc000476a00?}, 0xc000d157e8?)
	C:/Program Files/Go/src/net/http/server.go:2220 +0x29
github.com/go-chi/chi/v5/middleware.CleanPath.func1({0x1d2cf8bfea0, 0xc000476a00}, 0xc001098000)
	C:/Users/xinchuan99/go/pkg/mod/github.com/go-chi/chi/v5@v5.2.0/middleware/clean_path.go:26 +0xf7
net/http.HandlerFunc.ServeHTTP(0xc000d15870?, {0x1d2cf8bfea0?, 0xc000476a00?}, 0xc000d15870?)
	C:/Program Files/Go/src/net/http/server.go:2220 +0x29
github.com/go-chi/chi/v5/middleware.StripSlashes.func1({0x1d2cf8bfea0, 0xc000476a00}, 0xc001098000)
	C:/Users/xinchuan99/go/pkg/mod/github.com/go-chi/chi/v5@v5.2.0/middleware/strip.go:30 +0x127
net/http.HandlerFunc.ServeHTTP(0x2f88980?, {0x1d2cf8bfea0?, 0xc000476a00?}, 0x10?)
	C:/Program Files/Go/src/net/http/server.go:2220 +0x29
github.com/go-chi/chi/v5/middleware.init.0.RequestLogger.func1.1({0x212e080, 0xc000f87b18}, 0xc0000b7e00)
	C:/Users/xinchuan99/go/pkg/mod/github.com/go-chi/chi/v5@v5.2.0/middleware/logger.go:55 +0x154
net/http.HandlerFunc.ServeHTTP(0xc0003586e0?, {0x212e080?, 0xc000f87b18?}, 0xc0000b7e00?)
	C:/Program Files/Go/src/net/http/server.go:2220 +0x29
github.com/go-chi/cors.(*Cors).Handler-fm.(*Cors).Handler.func1({0x212e080, 0xc000f87b18}, 0xc0000b7e00)
	C:/Users/xinchuan99/go/pkg/mod/github.com/go-chi/cors@v1.2.1/cors.go:228 +0x17e
net/http.HandlerFunc.ServeHTTP(0x965833?, {0x212e080?, 0xc000f87b18?}, 0xc000d15a20?)
	C:/Program Files/Go/src/net/http/server.go:2220 +0x29
github.com/xinchuantw/hoki-tabloid-backend/internal/server.NewWithConfig.MetricsMiddleware.func1.1({0x212e860, 0xc000ca61c0}, 0xc0000b7e00)
	C:/Users/xinchuan99/Documents/Xinchuan/hokishop-tabloid-backend/internal/middlewares/metrics.go:56 +0xd7
net/http.HandlerFunc.ServeHTTP(0x2130c30?, {0x212e860?, 0xc000ca61c0?}, 0x2f84080?)
	C:/Program Files/Go/src/net/http/server.go:2220 +0x29
github.com/go-chi/chi/v5.(*Mux).ServeHTTP(0xc00024d2c0, {0x212e860, 0xc000ca61c0}, 0xc0000b7cc0)
	C:/Users/xinchuan99/go/pkg/mod/github.com/go-chi/chi/v5@v5.2.0/mux.go:90 +0x2ee
net/http.serverHandler.ServeHTTP({0x2129858?}, {0x212e860?, 0xc000ca61c0?}, 0x6?)
	C:/Program Files/Go/src/net/http/server.go:3210 +0x8e
net/http.(*conn).serve(0xc00012dcb0, {0x2130bf8, 0xc0002ba870})
	C:/Program Files/Go/src/net/http/server.go:2092 +0x5d0
created by net/http.(*Server).Serve in goroutine 66
	C:/Program Files/Go/src/net/http/server.go:3360 +0x485

2024/12/18 11:59:32 [Error] unprocessable entity
 at C:/Users/xinchuan99/Documents/Xinchuan/hokishop-tabloid-backend/internal/modules/logger/logger.go:86 

[StackTrace]:
github.com/xinchuantw/hoki-tabloid-backend/internal/modules/logger.Logger.Error({0xc0019a4eb0?}, {0xc000408138, 0x14}, {0x0?, 0x10?, 0x1b597c0?})
	C:/Users/xinchuan99/Documents/Xinchuan/hokishop-tabloid-backend/internal/modules/logger/logger.go:86 +0x5e
github.com/xinchuantw/hoki-tabloid-backend/internal/server.NewWithConfig.Recover.func3.1.1()
	C:/Users/xinchuan99/Documents/Xinchuan/hokishop-tabloid-backend/internal/middlewares/recover.go:81 +0x3ad
panic({0x1bb1240?, 0x2f84cc0?})
	C:/Program Files/Go/src/runtime/panic.go:785 +0x132
github.com/xinchuantw/hoki-tabloid-backend/internal/controllers/auth.(*AuthAdminController).LoginByXinchuanAuth(0xc000096470, {0x1d2cf8bfea0, 0xc000476700}, 0xc00035f180)
	C:/Users/xinchuan99/Documents/Xinchuan/hokishop-tabloid-backend/internal/controllers/auth/admin.go:39 +0x7f4
net/http.HandlerFunc.ServeHTTP(0xc000a8af00?, {0x1d2cf8bfea0?, 0xc000476700?}, 0x2103090?)
	C:/Program Files/Go/src/net/http/server.go:2220 +0x29
github.com/go-chi/chi/v5.(*Mux).routeHTTP(0xc000284300, {0x1d2cf8bfea0, 0xc000476700}, 0xc00035f180)
	C:/Users/xinchuan99/go/pkg/mod/github.com/go-chi/chi/v5@v5.2.0/mux.go:480 +0x2e2
net/http.HandlerFunc.ServeHTTP(0x7500000000000000?, {0x1d2cf8bfea0?, 0xc000476700?}, 0x0?)
	C:/Program Files/Go/src/net/http/server.go:2220 +0x29
github.com/go-chi/chi/v5.(*Mux).ServeHTTP(0xc000284300, {0x1d2cf8bfea0, 0xc000476700}, 0xc00035f180)
	C:/Users/xinchuan99/go/pkg/mod/github.com/go-chi/chi/v5@v5.2.0/mux.go:73 +0x32f
github.com/go-chi/chi/v5.(*Mux).Mount.func1({0x1d2cf8bfea0, 0xc000476700}, 0xc00035f180)
	C:/Users/xinchuan99/go/pkg/mod/github.com/go-chi/chi/v5@v5.2.0/mux.go:327 +0x1bb
net/http.HandlerFunc.ServeHTTP(0xc000a8af00?, {0x1d2cf8bfea0?, 0xc000476700?}, 0xc0017843d0?)
	C:/Program Files/Go/src/net/http/server.go:2220 +0x29
github.com/go-chi/chi/v5.(*Mux).routeHTTP(0xc0002842a0, {0x1d2cf8bfea0, 0xc000476700}, 0xc00035f180)
	C:/Users/xinchuan99/go/pkg/mod/github.com/go-chi/chi/v5@v5.2.0/mux.go:480 +0x2e2
net/http.HandlerFunc.ServeHTTP(0xc0019a55a0?, {0x1d2cf8bfea0?, 0xc000476700?}, 0xc0019a5580?)
	C:/Program Files/Go/src/net/http/server.go:2220 +0x29
github.com/go-chi/chi/v5.(*Mux).ServeHTTP(0xc0002842a0, {0x1d2cf8bfea0, 0xc000476700}, 0xc00035f180)
	C:/Users/xinchuan99/go/pkg/mod/github.com/go-chi/chi/v5@v5.2.0/mux.go:73 +0x32f
github.com/go-chi/chi/v5.(*Mux).Mount.func1({0x1d2cf8bfea0, 0xc000476700}, 0xc00035f180)
	C:/Users/xinchuan99/go/pkg/mod/github.com/go-chi/chi/v5@v5.2.0/mux.go:327 +0x1bb
net/http.HandlerFunc.ServeHTTP(0xc000a8af00?, {0x1d2cf8bfea0?, 0xc000476700?}, 0xc00029a1e5?)
	C:/Program Files/Go/src/net/http/server.go:2220 +0x29
github.com/go-chi/chi/v5.(*Mux).routeHTTP(0xc00024d2c0, {0x1d2cf8bfea0, 0xc000476700}, 0xc00035f180)
	C:/Users/xinchuan99/go/pkg/mod/github.com/go-chi/chi/v5@v5.2.0/mux.go:480 +0x2e2
net/http.HandlerFunc.ServeHTTP(0xc0019a5768?, {0x1d2cf8bfea0?, 0xc000476700?}, 0x2f6e000001f8f938?)
	C:/Program Files/Go/src/net/http/server.go:2220 +0x29
github.com/xinchuantw/hoki-tabloid-backend/internal/server.NewWithConfig.Recover.func3.1({0x1d2cf8bfea0?, 0xc000476700?}, 0xb?)
	C:/Users/xinchuan99/Documents/Xinchuan/hokishop-tabloid-backend/internal/middlewares/recover.go:92 +0x70
net/http.HandlerFunc.ServeHTTP(0xc00029a1e5?, {0x1d2cf8bfea0?, 0xc000476700?}, 0xc0019a57e8?)
	C:/Program Files/Go/src/net/http/server.go:2220 +0x29
github.com/go-chi/chi/v5/middleware.CleanPath.func1({0x1d2cf8bfea0, 0xc000476700}, 0xc00035f180)
	C:/Users/xinchuan99/go/pkg/mod/github.com/go-chi/chi/v5@v5.2.0/middleware/clean_path.go:26 +0xf7
net/http.HandlerFunc.ServeHTTP(0xc0019a5870?, {0x1d2cf8bfea0?, 0xc000476700?}, 0xc0019a5870?)
	C:/Program Files/Go/src/net/http/server.go:2220 +0x29
github.com/go-chi/chi/v5/middleware.StripSlashes.func1({0x1d2cf8bfea0, 0xc000476700}, 0xc00035f180)
	C:/Users/xinchuan99/go/pkg/mod/github.com/go-chi/chi/v5@v5.2.0/middleware/strip.go:30 +0x127
net/http.HandlerFunc.ServeHTTP(0x2f88980?, {0x1d2cf8bfea0?, 0xc000476700?}, 0x10?)
	C:/Program Files/Go/src/net/http/server.go:2220 +0x29
github.com/go-chi/chi/v5/middleware.init.0.RequestLogger.func1.1({0x212e080, 0xc000ea2f00}, 0xc00035f040)
	C:/Users/xinchuan99/go/pkg/mod/github.com/go-chi/chi/v5@v5.2.0/middleware/logger.go:55 +0x154
net/http.HandlerFunc.ServeHTTP(0xc0003586e0?, {0x212e080?, 0xc000ea2f00?}, 0xc00035f040?)
	C:/Program Files/Go/src/net/http/server.go:2220 +0x29
github.com/go-chi/cors.(*Cors).Handler-fm.(*Cors).Handler.func1({0x212e080, 0xc000ea2f00}, 0xc00035f040)
	C:/Users/xinchuan99/go/pkg/mod/github.com/go-chi/cors@v1.2.1/cors.go:228 +0x17e
net/http.HandlerFunc.ServeHTTP(0x965833?, {0x212e080?, 0xc000ea2f00?}, 0xc0019a5a20?)
	C:/Program Files/Go/src/net/http/server.go:2220 +0x29
github.com/xinchuantw/hoki-tabloid-backend/internal/server.NewWithConfig.MetricsMiddleware.func1.1({0x212e860, 0xc0011fa0e0}, 0xc00035f040)
	C:/Users/xinchuan99/Documents/Xinchuan/hokishop-tabloid-backend/internal/middlewares/metrics.go:56 +0xd7
net/http.HandlerFunc.ServeHTTP(0x2130c30?, {0x212e860?, 0xc0011fa0e0?}, 0x2f84080?)
	C:/Program Files/Go/src/net/http/server.go:2220 +0x29
github.com/go-chi/chi/v5.(*Mux).ServeHTTP(0xc00024d2c0, {0x212e860, 0xc0011fa0e0}, 0xc00035ef00)
	C:/Users/xinchuan99/go/pkg/mod/github.com/go-chi/chi/v5@v5.2.0/mux.go:90 +0x2ee
net/http.serverHandler.ServeHTTP({0x2129858?}, {0x212e860?, 0xc0011fa0e0?}, 0x6?)
	C:/Program Files/Go/src/net/http/server.go:3210 +0x8e
net/http.(*conn).serve(0xc00012dcb0, {0x2130bf8, 0xc0002ba870})
	C:/Program Files/Go/src/net/http/server.go:2092 +0x5d0
created by net/http.(*Server).Serve in goroutine 66
	C:/Program Files/Go/src/net/http/server.go:3360 +0x485

2024/12/18 13:06:33 [Error] unprocessable entity
 at C:/Users/xinchuan99/Documents/Xinchuan/hokishop-tabloid-backend/internal/modules/logger/logger.go:86 

[StackTrace]:
github.com/xinchuantw/hoki-tabloid-backend/internal/modules/logger.Logger.Error({0xc000066eb0?}, {0xc0002804e0, 0x14}, {0x0?, 0x10?, 0x1b597c0?})
	C:/Users/xinchuan99/Documents/Xinchuan/hokishop-tabloid-backend/internal/modules/logger/logger.go:86 +0x5e
github.com/xinchuantw/hoki-tabloid-backend/internal/server.NewWithConfig.Recover.func3.1.1()
	C:/Users/xinchuan99/Documents/Xinchuan/hokishop-tabloid-backend/internal/middlewares/recover.go:81 +0x3ad
panic({0x1bb1240?, 0x2f84cc0?})
	C:/Program Files/Go/src/runtime/panic.go:785 +0x132
github.com/xinchuantw/hoki-tabloid-backend/internal/controllers/auth.(*AuthAdminController).LoginByXinchuanAuth(0xc000096470, {0x1d2cf8bfea0, 0xc00013b940}, 0xc0000b6dc0)
	C:/Users/xinchuan99/Documents/Xinchuan/hokishop-tabloid-backend/internal/controllers/auth/admin.go:39 +0x7f4
net/http.HandlerFunc.ServeHTTP(0xc0000dc3c0?, {0x1d2cf8bfea0?, 0xc00013b940?}, 0x2103090?)
	C:/Program Files/Go/src/net/http/server.go:2220 +0x29
github.com/go-chi/chi/v5.(*Mux).routeHTTP(0xc000284300, {0x1d2cf8bfea0, 0xc00013b940}, 0xc0000b6dc0)
	C:/Users/xinchuan99/go/pkg/mod/github.com/go-chi/chi/v5@v5.2.0/mux.go:480 +0x2e2
net/http.HandlerFunc.ServeHTTP(0xbb00000000000000?, {0x1d2cf8bfea0?, 0xc00013b940?}, 0x2?)
	C:/Program Files/Go/src/net/http/server.go:2220 +0x29
github.com/go-chi/chi/v5.(*Mux).ServeHTTP(0xc000284300, {0x1d2cf8bfea0, 0xc00013b940}, 0xc0000b6dc0)
	C:/Users/xinchuan99/go/pkg/mod/github.com/go-chi/chi/v5@v5.2.0/mux.go:73 +0x32f
github.com/go-chi/chi/v5.(*Mux).Mount.func1({0x1d2cf8bfea0, 0xc00013b940}, 0xc0000b6dc0)
	C:/Users/xinchuan99/go/pkg/mod/github.com/go-chi/chi/v5@v5.2.0/mux.go:327 +0x1bb
net/http.HandlerFunc.ServeHTTP(0xc0000dc3c0?, {0x1d2cf8bfea0?, 0xc00013b940?}, 0xc00198a2f8?)
	C:/Program Files/Go/src/net/http/server.go:2220 +0x29
github.com/go-chi/chi/v5.(*Mux).routeHTTP(0xc0002842a0, {0x1d2cf8bfea0, 0xc00013b940}, 0xc0000b6dc0)
	C:/Users/xinchuan99/go/pkg/mod/github.com/go-chi/chi/v5@v5.2.0/mux.go:480 +0x2e2
net/http.HandlerFunc.ServeHTTP(0xc0000675a0?, {0x1d2cf8bfea0?, 0xc00013b940?}, 0xc000067580?)
	C:/Program Files/Go/src/net/http/server.go:2220 +0x29
github.com/go-chi/chi/v5.(*Mux).ServeHTTP(0xc0002842a0, {0x1d2cf8bfea0, 0xc00013b940}, 0xc0000b6dc0)
	C:/Users/xinchuan99/go/pkg/mod/github.com/go-chi/chi/v5@v5.2.0/mux.go:73 +0x32f
github.com/go-chi/chi/v5.(*Mux).Mount.func1({0x1d2cf8bfea0, 0xc00013b940}, 0xc0000b6dc0)
	C:/Users/xinchuan99/go/pkg/mod/github.com/go-chi/chi/v5@v5.2.0/mux.go:327 +0x1bb
net/http.HandlerFunc.ServeHTTP(0xc0000dc3c0?, {0x1d2cf8bfea0?, 0xc00013b940?}, 0xc00029a3c5?)
	C:/Program Files/Go/src/net/http/server.go:2220 +0x29
github.com/go-chi/chi/v5.(*Mux).routeHTTP(0xc00024d2c0, {0x1d2cf8bfea0, 0xc00013b940}, 0xc0000b6dc0)
	C:/Users/xinchuan99/go/pkg/mod/github.com/go-chi/chi/v5@v5.2.0/mux.go:480 +0x2e2
net/http.HandlerFunc.ServeHTTP(0xc000067768?, {0x1d2cf8bfea0?, 0xc00013b940?}, 0x2f6e000001f8f938?)
	C:/Program Files/Go/src/net/http/server.go:2220 +0x29
github.com/xinchuantw/hoki-tabloid-backend/internal/server.NewWithConfig.Recover.func3.1({0x1d2cf8bfea0?, 0xc00013b940?}, 0xb?)
	C:/Users/xinchuan99/Documents/Xinchuan/hokishop-tabloid-backend/internal/middlewares/recover.go:92 +0x70
net/http.HandlerFunc.ServeHTTP(0xc00029a3c5?, {0x1d2cf8bfea0?, 0xc00013b940?}, 0xc0000677e8?)
	C:/Program Files/Go/src/net/http/server.go:2220 +0x29
github.com/go-chi/chi/v5/middleware.CleanPath.func1({0x1d2cf8bfea0, 0xc00013b940}, 0xc0000b6dc0)
	C:/Users/xinchuan99/go/pkg/mod/github.com/go-chi/chi/v5@v5.2.0/middleware/clean_path.go:26 +0xf7
net/http.HandlerFunc.ServeHTTP(0xc000067870?, {0x1d2cf8bfea0?, 0xc00013b940?}, 0xc000067870?)
	C:/Program Files/Go/src/net/http/server.go:2220 +0x29
github.com/go-chi/chi/v5/middleware.StripSlashes.func1({0x1d2cf8bfea0, 0xc00013b940}, 0xc0000b6dc0)
	C:/Users/xinchuan99/go/pkg/mod/github.com/go-chi/chi/v5@v5.2.0/middleware/strip.go:30 +0x127
net/http.HandlerFunc.ServeHTTP(0x2f88980?, {0x1d2cf8bfea0?, 0xc00013b940?}, 0x10?)
	C:/Program Files/Go/src/net/http/server.go:2220 +0x29
github.com/go-chi/chi/v5/middleware.init.0.RequestLogger.func1.1({0x212e080, 0xc001180ed0}, 0xc0000b6c80)
	C:/Users/xinchuan99/go/pkg/mod/github.com/go-chi/chi/v5@v5.2.0/middleware/logger.go:55 +0x154
net/http.HandlerFunc.ServeHTTP(0xc0003586e0?, {0x212e080?, 0xc001180ed0?}, 0xc0000b6c80?)
	C:/Program Files/Go/src/net/http/server.go:2220 +0x29
github.com/go-chi/cors.(*Cors).Handler-fm.(*Cors).Handler.func1({0x212e080, 0xc001180ed0}, 0xc0000b6c80)
	C:/Users/xinchuan99/go/pkg/mod/github.com/go-chi/cors@v1.2.1/cors.go:228 +0x17e
net/http.HandlerFunc.ServeHTTP(0x965833?, {0x212e080?, 0xc001180ed0?}, 0xc000067a20?)
	C:/Program Files/Go/src/net/http/server.go:2220 +0x29
github.com/xinchuantw/hoki-tabloid-backend/internal/server.NewWithConfig.MetricsMiddleware.func1.1({0x212e860, 0xc0011d0000}, 0xc0000b6c80)
	C:/Users/xinchuan99/Documents/Xinchuan/hokishop-tabloid-backend/internal/middlewares/metrics.go:56 +0xd7
net/http.HandlerFunc.ServeHTTP(0x2130c30?, {0x212e860?, 0xc0011d0000?}, 0x2f84080?)
	C:/Program Files/Go/src/net/http/server.go:2220 +0x29
github.com/go-chi/chi/v5.(*Mux).ServeHTTP(0xc00024d2c0, {0x212e860, 0xc0011d0000}, 0xc0000b68c0)
	C:/Users/xinchuan99/go/pkg/mod/github.com/go-chi/chi/v5@v5.2.0/mux.go:90 +0x2ee
net/http.serverHandler.ServeHTTP({0x2129858?}, {0x212e860?, 0xc0011d0000?}, 0x6?)
	C:/Program Files/Go/src/net/http/server.go:3210 +0x8e
net/http.(*conn).serve(0xc0003462d0, {0x2130bf8, 0xc0002ba870})
	C:/Program Files/Go/src/net/http/server.go:2092 +0x5d0
created by net/http.(*Server).Serve in goroutine 66
	C:/Program Files/Go/src/net/http/server.go:3360 +0x485

